{"total": {"lines":{"total":134,"covered":133,"skipped":0,"pct":99.25},"statements":{"total":134,"covered":133,"skipped":0,"pct":99.25},"functions":{"total":15,"covered":14,"skipped":0,"pct":93.33},"branches":{"total":45,"covered":42,"skipped":0,"pct":93.33},"branchesTrue":{"total":0,"covered":0,"skipped":0,"pct":100}}
,"/Users/mac/Downloads/Zinnol-App-Phase1-Full/backend/middleware/requestTracking.js": {"lines":{"total":31,"covered":31,"skipped":0,"pct":100},"functions":{"total":6,"covered":6,"skipped":0,"pct":100},"statements":{"total":31,"covered":31,"skipped":0,"pct":100},"branches":{"total":9,"covered":8,"skipped":0,"pct":88.88}}
,"/Users/mac/Downloads/Zinnol-App-Phase1-Full/backend/routes/analyticsRoutes.js": {"lines":{"total":19,"covered":19,"skipped":0,"pct":100},"functions":{"total":0,"covered":0,"skipped":0,"pct":100},"statements":{"total":19,"covered":19,"skipped":0,"pct":100},"branches":{"total":2,"covered":1,"skipped":0,"pct":50}}
,"/Users/mac/Downloads/Zinnol-App-Phase1-Full/backend/routes/assignmentRoutes.js": {"lines":{"total":6,"covered":6,"skipped":0,"pct":100},"functions":{"total":0,"covered":0,"skipped":0,"pct":100},"statements":{"total":6,"covered":6,"skipped":0,"pct":100},"branches":{"total":0,"covered":0,"skipped":0,"pct":100}}
,"/Users/mac/Downloads/Zinnol-App-Phase1-Full/backend/routes/classRoutes.js": {"lines":{"total":5,"covered":5,"skipped":0,"pct":100},"functions":{"total":0,"covered":0,"skipped":0,"pct":100},"statements":{"total":5,"covered":5,"skipped":0,"pct":100},"branches":{"total":0,"covered":0,"skipped":0,"pct":100}}
,"/Users/mac/Downloads/Zinnol-App-Phase1-Full/backend/routes/examRoutes.js": {"lines":{"total":23,"covered":23,"skipped":0,"pct":100},"functions":{"total":0,"covered":0,"skipped":0,"pct":100},"statements":{"total":23,"covered":23,"skipped":0,"pct":100},"branches":{"total":0,"covered":0,"skipped":0,"pct":100}}
,"/Users/mac/Downloads/Zinnol-App-Phase1-Full/backend/routes/publicRoutes.js": {"lines":{"total":2,"covered":2,"skipped":0,"pct":100},"functions":{"total":0,"covered":0,"skipped":0,"pct":100},"statements":{"total":2,"covered":2,"skipped":0,"pct":100},"branches":{"total":0,"covered":0,"skipped":0,"pct":100}}
,"/Users/mac/Downloads/Zinnol-App-Phase1-Full/backend/routes/userRoutes.js": {"lines":{"total":29,"covered":28,"skipped":0,"pct":96.55},"functions":{"total":2,"covered":1,"skipped":0,"pct":50},"statements":{"total":29,"covered":28,"skipped":0,"pct":96.55},"branches":{"total":7,"covered":6,"skipped":0,"pct":85.71}}
,"/Users/mac/Downloads/Zinnol-App-Phase1-Full/backend/utils/generateToken.js": {"lines":{"total":19,"covered":19,"skipped":0,"pct":100},"functions":{"total":7,"covered":7,"skipped":0,"pct":100},"statements":{"total":19,"covered":19,"skipped":0,"pct":100},"branches":{"total":27,"covered":27,"skipped":0,"pct":100}}
}
