TN:
SF:middleware/requestTracking.js
FN:7,(anonymous_0)
FN:26,(anonymous_1)
FN:49,(anonymous_2)
FN:50,(anonymous_3)
FN:53,(anonymous_4)
FN:74,(anonymous_5)
FNF:6
FNH:6
FNDA:2,(anonymous_0)
FNDA:1,(anonymous_1)
FNDA:4,(anonymous_2)
FNDA:4,(anonymous_3)
FNDA:4,(anonymous_4)
FNDA:4,(anonymous_5)
DA:7,2
DA:9,2
DA:10,2
DA:13,2
DA:16,2
DA:25,2
DA:26,2
DA:27,1
DA:29,1
DA:38,1
DA:40,1
DA:43,2
DA:49,2
DA:50,4
DA:51,4
DA:53,4
DA:54,4
DA:56,4
DA:57,2
DA:67,4
DA:74,2
DA:75,4
DA:76,1
DA:79,3
DA:81,3
DA:82,3
DA:83,3
DA:84,2
DA:87,2
DA:90,1
DA:93,3
LF:31
LH:31
BRDA:9,0,0,2
BRDA:9,0,1,1
BRDA:49,1,0,0
BRDA:56,2,0,2
BRDA:56,2,1,2
BRDA:75,3,0,1
BRDA:75,3,1,3
BRDA:83,4,0,3
BRDA:83,4,1,1
BRF:9
BRH:8
end_of_record
TN:
SF:routes/analyticsRoutes.js
FNF:0
FNH:0
DA:22,1
DA:28,1
DA:35,1
DA:42,1
DA:48,1
DA:55,1
DA:65,1
DA:77,1
DA:88,1
DA:100,1
DA:112,1
DA:124,1
DA:136,1
DA:161,1
DA:173,1
DA:180,1
DA:193,1
DA:205,1
DA:217,1
LF:19
LH:19
BRDA:57,0,0,0
BRDA:57,0,1,1
BRF:2
BRH:1
end_of_record
TN:
SF:routes/assignmentRoutes.js
FNF:0
FNH:0
DA:10,1
DA:13,1
DA:16,1
DA:23,1
DA:30,1
DA:37,1
LF:6
LH:6
BRF:0
BRH:0
end_of_record
TN:
SF:routes/classRoutes.js
FNF:0
FNH:0
DA:10,1
DA:13,1
DA:14,1
DA:20,1
DA:25,1
LF:5
LH:5
BRF:0
BRH:0
end_of_record
TN:
SF:routes/examRoutes.js
FNF:0
FNH:0
DA:30,1
DA:31,1
DA:33,1
DA:53,1
DA:70,1
DA:83,1
DA:96,1
DA:110,1
DA:125,1
DA:137,1
DA:150,1
DA:164,1
DA:178,1
DA:191,1
DA:204,1
DA:218,1
DA:234,1
DA:246,1
DA:258,1
DA:271,1
DA:284,1
DA:296,1
DA:310,1
LF:23
LH:23
BRF:0
BRH:0
end_of_record
TN:
SF:routes/publicRoutes.js
FNF:0
FNH:0
DA:4,1
DA:11,1
LF:2
LH:2
BRF:0
BRH:0
end_of_record
TN:
SF:routes/userRoutes.js
FN:115,(anonymous_0)
FN:215,(anonymous_1)
FNF:2
FNH:1
FNDA:0,(anonymous_0)
FNDA:4,(anonymous_1)
DA:38,4
DA:46,4
DA:50,4
DA:55,4
DA:57,4
DA:67,4
DA:68,4
DA:70,4
DA:75,4
DA:78,4
DA:87,4
DA:88,4
DA:98,4
DA:101,4
DA:106,4
DA:113,4
DA:115,0
DA:117,4
DA:122,4
DA:128,4
DA:150,4
DA:158,4
DA:169,4
DA:184,4
DA:198,4
DA:215,4
DA:216,4
DA:217,4
DA:218,4
LF:29
LH:28
BRDA:113,0,0,0
BRDA:113,0,1,4
BRDA:216,1,0,4
BRDA:216,1,1,2
BRDA:216,1,2,1
BRDA:217,2,0,4
BRDA:217,2,1,1
BRF:7
BRH:6
end_of_record
TN:
SF:utils/generateToken.js
FN:10,(anonymous_0)
FN:28,(anonymous_1)
FN:49,(anonymous_2)
FN:69,(anonymous_3)
FN:88,(anonymous_4)
FN:103,(anonymous_5)
FN:114,(anonymous_6)
FNF:7
FNH:7
FNDA:7,(anonymous_0)
FNDA:8,(anonymous_1)
FNDA:1,(anonymous_2)
FNDA:3,(anonymous_3)
FNDA:2,(anonymous_4)
FNDA:3,(anonymous_5)
FNDA:3,(anonymous_6)
DA:10,2
DA:11,7
DA:28,2
DA:32,8
DA:33,8
DA:49,2
DA:50,1
DA:69,2
DA:70,3
DA:88,2
DA:89,2
DA:90,2
DA:92,1
DA:103,2
DA:104,3
DA:105,3
DA:107,3
DA:114,2
DA:115,3
LF:19
LH:19
BRDA:10,0,0,2
BRDA:10,1,0,2
BRDA:10,1,1,1
BRDA:15,2,0,7
BRDA:15,2,1,1
BRDA:28,3,0,2
BRDA:28,4,0,2
BRDA:28,4,1,1
BRDA:37,5,0,8
BRDA:37,5,1,1
BRDA:39,6,0,8
BRDA:39,6,1,1
BRDA:69,7,0,3
BRDA:69,8,0,3
BRDA:69,8,1,2
BRDA:73,9,0,3
BRDA:73,9,1,1
BRDA:88,10,0,2
BRDA:103,11,0,2
BRDA:103,12,0,2
BRDA:103,12,1,1
BRDA:103,13,0,2
BRDA:103,14,0,2
BRDA:103,14,1,1
BRDA:114,15,0,2
BRDA:114,16,0,2
BRDA:114,16,1,1
BRF:27
BRH:27
end_of_record
