TN:
SF:server.js
FN:17,(anonymous_0)
FN:26,(anonymous_1)
FN:38,(anonymous_2)
FN:39,(anonymous_3)
FN:45,(anonymous_4)
FN:47,(anonymous_5)
FN:53,(anonymous_6)
FN:54,(anonymous_7)
FN:71,(anonymous_8)
FN:79,(anonymous_9)
FN:80,(anonymous_10)
FN:86,(anonymous_11)
FN:92,(anonymous_12)
FN:98,(anonymous_13)
FN:101,(anonymous_14)
FN:121,(anonymous_15)
FN:127,(anonymous_16)
FN:128,(anonymous_17)
FN:131,(anonymous_18)
FN:136,(anonymous_19)
FNF:20
FNH:0
FNDA:0,(anonymous_0)
FNDA:0,(anonymous_1)
FNDA:0,(anonymous_2)
FNDA:0,(anonymous_3)
FNDA:0,(anonymous_4)
FNDA:0,(anonymous_5)
FNDA:0,(anonymous_6)
FNDA:0,(anonymous_7)
FNDA:0,(anonymous_8)
FNDA:0,(anonymous_9)
FNDA:0,(anonymous_10)
FNDA:0,(anonymous_11)
FNDA:0,(anonymous_12)
FNDA:0,(anonymous_13)
FNDA:0,(anonymous_14)
FNDA:0,(anonymous_15)
FNDA:0,(anonymous_16)
FNDA:0,(anonymous_17)
FNDA:0,(anonymous_18)
FNDA:0,(anonymous_19)
DA:2,2
DA:15,2
DA:16,0
DA:17,0
DA:19,0
DA:20,0
DA:21,0
DA:22,0
DA:25,0
DA:26,0
DA:27,0
DA:28,0
DA:33,2
DA:34,0
DA:35,0
DA:38,0
DA:39,0
DA:40,0
DA:45,0
DA:46,0
DA:47,0
DA:48,0
DA:53,0
DA:54,0
DA:57,0
DA:60,2
DA:63,2
DA:64,0
DA:67,2
DA:68,2
DA:70,2
DA:71,0
DA:72,0
DA:73,0
DA:74,0
DA:75,0
DA:79,0
DA:80,0
DA:81,0
DA:83,0
DA:85,0
DA:86,0
DA:87,0
DA:89,0
DA:92,0
DA:93,0
DA:94,0
DA:98,0
DA:99,0
DA:101,0
DA:102,0
DA:104,0
DA:105,0
DA:106,0
DA:108,0
DA:109,0
DA:110,0
DA:111,0
DA:112,0
DA:114,0
DA:116,0
DA:117,0
DA:121,0
DA:122,0
DA:123,0
DA:127,0
DA:128,0
DA:131,0
DA:132,0
DA:133,0
DA:136,0
DA:137,0
DA:138,0
LF:73
LH:8
BRDA:15,0,0,0
BRDA:15,0,1,2
BRDA:19,1,0,0
BRDA:19,1,1,0
BRDA:27,2,0,0
BRDA:27,2,1,0
BRDA:27,3,0,0
BRDA:27,3,1,0
BRDA:33,4,0,0
BRDA:33,4,1,2
BRDA:63,5,0,0
BRDA:63,5,1,2
BRDA:67,6,0,2
BRDA:67,6,1,0
BRDA:68,7,0,0
BRDA:68,7,1,2
BRDA:70,8,0,0
BRDA:70,8,1,2
BRDA:73,9,0,0
BRDA:73,9,1,0
BRDA:85,10,0,0
BRDA:85,10,1,0
BRDA:110,11,0,0
BRDA:110,11,1,0
BRF:24
BRH:6
end_of_record
TN:
SF:config/cache.js
FN:9,(anonymous_0)
FN:22,(anonymous_1)
FN:23,(anonymous_2)
FN:34,(anonymous_3)
FN:51,(anonymous_4)
FN:64,(anonymous_5)
FN:78,(anonymous_6)
FN:96,(anonymous_7)
FN:97,(anonymous_8)
FN:100,(anonymous_9)
FN:103,(anonymous_10)
FN:114,(anonymous_11)
FN:125,(anonymous_12)
FN:128,(anonymous_13)
FN:143,(anonymous_14)
FN:146,(anonymous_15)
FN:150,(anonymous_16)
FN:165,(anonymous_17)
FN:168,(anonymous_18)
FN:169,(anonymous_19)
FN:176,(anonymous_20)
FN:184,(anonymous_21)
FNF:22
FNH:0
FNDA:0,(anonymous_0)
FNDA:0,(anonymous_1)
FNDA:0,(anonymous_2)
FNDA:0,(anonymous_3)
FNDA:0,(anonymous_4)
FNDA:0,(anonymous_5)
FNDA:0,(anonymous_6)
FNDA:0,(anonymous_7)
FNDA:0,(anonymous_8)
FNDA:0,(anonymous_9)
FNDA:0,(anonymous_10)
FNDA:0,(anonymous_11)
FNDA:0,(anonymous_12)
FNDA:0,(anonymous_13)
FNDA:0,(anonymous_14)
FNDA:0,(anonymous_15)
FNDA:0,(anonymous_16)
FNDA:0,(anonymous_17)
FNDA:0,(anonymous_18)
FNDA:0,(anonymous_19)
FNDA:0,(anonymous_20)
FNDA:0,(anonymous_21)
DA:9,0
DA:10,0
DA:11,0
DA:12,0
DA:15,0
DA:16,0
DA:22,0
DA:23,0
DA:25,0
DA:34,0
DA:35,0
DA:36,0
DA:37,0
DA:38,0
DA:40,0
DA:41,0
DA:51,0
DA:52,0
DA:53,0
DA:54,0
DA:56,0
DA:64,0
DA:65,0
DA:66,0
DA:67,0
DA:69,0
DA:78,0
DA:79,0
DA:80,0
DA:81,0
DA:82,0
DA:83,0
DA:85,0
DA:87,0
DA:96,0
DA:97,0
DA:98,0
DA:99,0
DA:100,0
DA:102,0
DA:103,0
DA:114,0
DA:115,0
DA:125,0
DA:126,0
DA:128,0
DA:133,0
DA:143,0
DA:144,0
DA:146,0
DA:147,0
DA:149,0
DA:150,0
DA:151,0
DA:152,0
DA:156,0
DA:165,0
DA:166,0
DA:168,0
DA:169,0
DA:176,0
DA:177,0
DA:184,0
LF:63
LH:0
BRDA:10,0,0,0
BRDA:10,0,1,0
BRDA:35,1,0,0
BRDA:35,1,1,0
BRDA:38,2,0,0
BRDA:38,2,1,0
BRDA:51,3,0,0
BRDA:52,4,0,0
BRDA:52,4,1,0
BRDA:65,5,0,0
BRDA:65,5,1,0
BRDA:78,6,0,0
BRDA:79,7,0,0
BRDA:79,7,1,0
BRDA:97,8,0,0
BRDA:97,8,1,0
BRDA:100,9,0,0
BRDA:100,9,1,0
BRDA:125,10,0,0
BRDA:126,11,0,0
BRDA:126,11,1,0
BRDA:126,12,0,0
BRDA:126,12,1,0
BRDA:144,13,0,0
BRDA:144,13,1,0
BRDA:151,14,0,0
BRDA:151,14,1,0
BRDA:166,15,0,0
BRDA:166,15,1,0
BRDA:177,16,0,0
BRDA:177,16,1,0
BRF:31
BRH:0
end_of_record
TN:
SF:config/db.js
FN:4,(anonymous_0)
FN:23,(anonymous_1)
FN:28,(anonymous_2)
FN:32,(anonymous_3)
FN:37,(anonymous_4)
FNF:5
FNH:0
FNDA:0,(anonymous_0)
FNDA:0,(anonymous_1)
FNDA:0,(anonymous_2)
FNDA:0,(anonymous_3)
FNDA:0,(anonymous_4)
DA:4,2
DA:5,0
DA:6,0
DA:7,0
DA:8,0
DA:11,0
DA:13,0
DA:20,0
DA:23,0
DA:24,0
DA:25,0
DA:28,0
DA:29,0
DA:32,0
DA:33,0
DA:37,0
DA:38,0
DA:39,0
DA:40,0
DA:44,0
DA:45,0
LF:21
LH:1
BRDA:5,0,0,0
BRDA:5,0,1,0
BRDA:6,1,0,0
BRDA:6,1,1,0
BRF:4
BRH:0
end_of_record
TN:
SF:config/distributedCache.js
FN:9,(anonymous_0)
FN:31,(anonymous_1)
FN:46,(anonymous_2)
FN:51,(anonymous_3)
FN:56,(anonymous_4)
FN:70,(anonymous_5)
FN:77,(anonymous_6)
FN:124,(anonymous_7)
FN:147,(anonymous_8)
FN:173,(anonymous_9)
FN:190,(anonymous_10)
FN:192,(anonymous_11)
FN:207,(anonymous_12)
FN:234,(anonymous_13)
FN:255,(anonymous_14)
FN:281,(anonymous_15)
FN:295,(anonymous_16)
FN:300,(anonymous_17)
FN:309,(anonymous_18)
FN:321,(anonymous_19)
FNF:20
FNH:0
FNDA:0,(anonymous_0)
FNDA:0,(anonymous_1)
FNDA:0,(anonymous_2)
FNDA:0,(anonymous_3)
FNDA:0,(anonymous_4)
FNDA:0,(anonymous_5)
FNDA:0,(anonymous_6)
FNDA:0,(anonymous_7)
FNDA:0,(anonymous_8)
FNDA:0,(anonymous_9)
FNDA:0,(anonymous_10)
FNDA:0,(anonymous_11)
FNDA:0,(anonymous_12)
FNDA:0,(anonymous_13)
FNDA:0,(anonymous_14)
FNDA:0,(anonymous_15)
FNDA:0,(anonymous_16)
FNDA:0,(anonymous_17)
FNDA:0,(anonymous_18)
FNDA:0,(anonymous_19)
DA:10,0
DA:21,0
DA:22,0
DA:23,0
DA:25,0
DA:32,0
DA:33,0
DA:46,0
DA:47,0
DA:48,0
DA:51,0
DA:52,0
DA:53,0
DA:56,0
DA:57,0
DA:61,0
DA:63,0
DA:71,0
DA:78,0
DA:81,0
DA:82,0
DA:83,0
DA:84,0
DA:86,0
DA:91,0
DA:92,0
DA:93,0
DA:94,0
DA:95,0
DA:97,0
DA:98,0
DA:101,0
DA:106,0
DA:107,0
DA:108,0
DA:109,0
DA:110,0
DA:111,0
DA:114,0
DA:118,0
DA:125,0
DA:132,0
DA:135,0
DA:136,0
DA:137,0
DA:139,0
DA:148,0
DA:150,0
DA:152,0
DA:155,0
DA:156,0
DA:161,0
DA:162,0
DA:163,0
DA:165,0
DA:175,0
DA:178,0
DA:179,0
DA:180,0
DA:182,0
DA:192,0
DA:195,0
DA:196,0
DA:197,0
DA:199,0
DA:208,0
DA:209,0
DA:211,0
DA:213,0
DA:214,0
DA:215,0
DA:219,0
DA:220,0
DA:221,0
DA:223,0
DA:224,0
DA:228,0
DA:235,0
DA:236,0
DA:238,0
DA:256,0
DA:259,0
DA:260,0
DA:261,0
DA:262,0
DA:263,0
DA:265,0
DA:269,0
DA:283,0
DA:284,0
DA:285,0
DA:288,0
DA:296,0
DA:297,0
DA:303,0
DA:310,0
DA:311,0
DA:313,0
DA:314,0
DA:319,0
DA:321,0
DA:322,0
DA:323,0
DA:325,0
LF:104
LH:0
BRDA:9,0,0,0
BRDA:11,1,0,0
BRDA:11,1,1,0
BRDA:12,2,0,0
BRDA:12,2,1,0
BRDA:13,3,0,0
BRDA:13,3,1,0
BRDA:14,4,0,0
BRDA:14,4,1,0
BRDA:16,5,0,0
BRDA:16,5,1,0
BRDA:17,6,0,0
BRDA:17,6,1,0
BRDA:77,7,0,0
BRDA:81,8,0,0
BRDA:81,8,1,0
BRDA:83,9,0,0
BRDA:83,9,1,0
BRDA:91,10,0,0
BRDA:91,10,1,0
BRDA:91,11,0,0
BRDA:91,11,1,0
BRDA:94,12,0,0
BRDA:94,12,1,0
BRDA:106,13,0,0
BRDA:106,13,1,0
BRDA:106,14,0,0
BRDA:106,14,1,0
BRDA:109,15,0,0
BRDA:109,15,1,0
BRDA:124,16,0,0
BRDA:135,17,0,0
BRDA:135,17,1,0
BRDA:135,18,0,0
BRDA:135,18,1,0
BRDA:147,19,0,0
BRDA:148,20,0,0
BRDA:148,20,1,0
BRDA:155,21,0,0
BRDA:155,21,1,0
BRDA:161,22,0,0
BRDA:161,22,1,0
BRDA:178,23,0,0
BRDA:178,23,1,0
BRDA:178,24,0,0
BRDA:178,24,1,0
BRDA:195,25,0,0
BRDA:195,25,1,0
BRDA:195,26,0,0
BRDA:195,26,1,0
BRDA:207,27,0,0
BRDA:208,28,0,0
BRDA:208,29,0,0
BRDA:223,30,0,0
BRDA:223,30,1,0
BRDA:246,31,0,0
BRDA:246,31,1,0
BRDA:260,32,0,0
BRDA:260,32,1,0
BRDA:270,33,0,0
BRDA:270,33,1,0
BRDA:270,33,2,0
BRDA:283,34,0,0
BRDA:283,34,1,0
BRDA:296,35,0,0
BRDA:296,35,1,0
BRDA:310,36,0,0
BRDA:310,36,1,0
BRDA:321,37,0,0
BRDA:322,38,0,0
BRDA:322,38,1,0
BRF:71
BRH:0
end_of_record
TN:
SF:config/distributedQueue.js
FN:10,(anonymous_0)
FN:35,(anonymous_1)
FN:50,(anonymous_2)
FN:54,(anonymous_3)
FN:66,(anonymous_4)
FN:98,(anonymous_5)
FN:115,(anonymous_6)
FN:120,(anonymous_7)
FN:126,(anonymous_8)
FN:131,(anonymous_9)
FN:144,(anonymous_10)
FN:174,(anonymous_11)
FN:209,(anonymous_12)
FN:220,(anonymous_13)
FN:242,(anonymous_14)
FN:268,(anonymous_15)
FN:281,(anonymous_16)
FN:311,(anonymous_17)
FN:341,(anonymous_18)
FNF:19
FNH:0
FNDA:0,(anonymous_0)
FNDA:0,(anonymous_1)
FNDA:0,(anonymous_2)
FNDA:0,(anonymous_3)
FNDA:0,(anonymous_4)
FNDA:0,(anonymous_5)
FNDA:0,(anonymous_6)
FNDA:0,(anonymous_7)
FNDA:0,(anonymous_8)
FNDA:0,(anonymous_9)
FNDA:0,(anonymous_10)
FNDA:0,(anonymous_11)
FNDA:0,(anonymous_12)
FNDA:0,(anonymous_13)
FNDA:0,(anonymous_14)
FNDA:0,(anonymous_15)
FNDA:0,(anonymous_16)
FNDA:0,(anonymous_17)
FNDA:0,(anonymous_18)
DA:11,0
DA:23,0
DA:24,0
DA:25,0
DA:26,0
DA:27,0
DA:29,0
DA:36,0
DA:37,0
DA:50,0
DA:51,0
DA:54,0
DA:55,0
DA:59,0
DA:67,0
DA:68,0
DA:82,0
DA:85,0
DA:86,0
DA:92,0
DA:99,0
DA:101,0
DA:102,0
DA:112,0
DA:115,0
DA:116,0
DA:117,0
DA:120,0
DA:121,0
DA:122,0
DA:123,0
DA:126,0
DA:127,0
DA:128,0
DA:131,0
DA:132,0
DA:135,0
DA:138,0
DA:145,0
DA:147,0
DA:156,0
DA:159,0
DA:167,0
DA:168,0
DA:175,0
DA:176,0
DA:178,0
DA:179,0
DA:181,0
DA:182,0
DA:184,0
DA:185,0
DA:193,0
DA:197,0
DA:201,0
DA:204,0
DA:205,0
DA:209,0
DA:213,0
DA:214,0
DA:221,0
DA:222,0
DA:225,0
DA:226,0
DA:227,0
DA:228,0
DA:229,0
DA:236,0
DA:243,0
DA:244,0
DA:246,0
DA:254,0
DA:269,0
DA:271,0
DA:272,0
DA:275,0
DA:282,0
DA:283,0
DA:285,0
DA:286,0
DA:287,0
DA:288,0
DA:289,0
DA:291,0
DA:295,0
DA:312,0
DA:315,0
DA:316,0
DA:317,0
DA:321,0
DA:322,0
DA:323,0
DA:327,0
DA:328,0
DA:329,0
DA:332,0
DA:333,0
DA:334,0
DA:339,0
DA:341,0
DA:342,0
DA:343,0
DA:348,0
LF:103
LH:0
BRDA:10,0,0,0
BRDA:12,1,0,0
BRDA:12,1,1,0
BRDA:13,2,0,0
BRDA:13,2,1,0
BRDA:14,3,0,0
BRDA:14,3,1,0
BRDA:15,4,0,0
BRDA:15,4,1,0
BRDA:17,5,0,0
BRDA:17,5,1,0
BRDA:18,6,0,0
BRDA:18,6,1,0
BRDA:19,7,0,0
BRDA:19,7,1,0
BRDA:66,8,0,0
BRDA:67,9,0,0
BRDA:67,9,1,0
BRDA:85,10,0,0
BRDA:85,10,1,0
BRDA:98,11,0,0
BRDA:101,12,0,0
BRDA:101,12,1,0
BRDA:144,13,0,0
BRDA:174,14,0,0
BRDA:176,15,0,0
BRDA:176,16,0,0
BRDA:222,17,0,0
BRDA:222,17,1,0
BRDA:228,18,0,0
BRDA:228,18,1,0
BRDA:244,19,0,0
BRDA:244,19,1,0
BRDA:286,20,0,0
BRDA:286,20,1,0
BRDA:296,21,0,0
BRDA:296,21,1,0
BRDA:327,22,0,0
BRDA:327,22,1,0
BRDA:341,23,0,0
BRDA:342,24,0,0
BRDA:342,24,1,0
BRF:42
BRH:0
end_of_record
TN:
SF:config/features.js
FNF:0
FNH:0
DA:4,0
LF:1
LH:0
BRF:0
BRH:0
end_of_record
TN:
SF:config/firebaseAdmin.js
FNF:0
FNH:0
DA:7,0
DA:13,0
DA:15,0
DA:16,0
DA:18,0
DA:19,0
DA:27,0
DA:28,0
DA:30,0
DA:33,0
DA:36,0
LF:11
LH:0
BRDA:18,0,0,0
BRDA:18,0,1,0
BRDA:18,1,0,0
BRDA:18,1,1,0
BRDA:18,1,2,0
BRDA:18,1,3,0
BRDA:28,2,0,0
BRDA:28,2,1,0
BRDA:36,3,0,0
BRDA:36,3,1,0
BRF:10
BRH:0
end_of_record
TN:
SF:config/monitoring.js
FN:21,(anonymous_0)
FN:41,(anonymous_1)
FN:68,(anonymous_2)
FN:77,(anonymous_3)
FN:131,(anonymous_4)
FN:155,(anonymous_5)
FN:178,(anonymous_6)
FN:191,(anonymous_7)
FN:193,(anonymous_8)
FN:213,(anonymous_9)
FN:214,(anonymous_10)
FN:215,(anonymous_11)
FN:219,(anonymous_12)
FN:227,(anonymous_13)
FN:231,(anonymous_14)
FN:237,(anonymous_15)
FN:271,(anonymous_16)
FN:273,(anonymous_17)
FN:281,(anonymous_18)
FN:282,(anonymous_19)
FN:287,(anonymous_20)
FN:314,(anonymous_21)
FN:315,(anonymous_22)
FN:321,(anonymous_23)
FN:325,(anonymous_24)
FN:366,(anonymous_25)
FN:370,(anonymous_26)
FN:380,(anonymous_27)
FN:392,(anonymous_28)
FN:417,(anonymous_29)
FN:420,(anonymous_30)
FN:427,(anonymous_31)
FN:459,(anonymous_32)
FN:466,(anonymous_33)
FN:467,(anonymous_34)
FN:470,(anonymous_35)
FN:477,(anonymous_36)
FN:488,(anonymous_37)
FNF:38
FNH:0
FNDA:0,(anonymous_0)
FNDA:0,(anonymous_1)
FNDA:0,(anonymous_2)
FNDA:0,(anonymous_3)
FNDA:0,(anonymous_4)
FNDA:0,(anonymous_5)
FNDA:0,(anonymous_6)
FNDA:0,(anonymous_7)
FNDA:0,(anonymous_8)
FNDA:0,(anonymous_9)
FNDA:0,(anonymous_10)
FNDA:0,(anonymous_11)
FNDA:0,(anonymous_12)
FNDA:0,(anonymous_13)
FNDA:0,(anonymous_14)
FNDA:0,(anonymous_15)
FNDA:0,(anonymous_16)
FNDA:0,(anonymous_17)
FNDA:0,(anonymous_18)
FNDA:0,(anonymous_19)
FNDA:0,(anonymous_20)
FNDA:0,(anonymous_21)
FNDA:0,(anonymous_22)
FNDA:0,(anonymous_23)
FNDA:0,(anonymous_24)
FNDA:0,(anonymous_25)
FNDA:0,(anonymous_26)
FNDA:0,(anonymous_27)
FNDA:0,(anonymous_28)
FNDA:0,(anonymous_29)
FNDA:0,(anonymous_30)
FNDA:0,(anonymous_31)
FNDA:0,(anonymous_32)
FNDA:0,(anonymous_33)
FNDA:0,(anonymous_34)
FNDA:0,(anonymous_35)
FNDA:0,(anonymous_36)
FNDA:0,(anonymous_37)
DA:16,0
DA:21,0
DA:22,0
DA:23,0
DA:43,0
DA:44,0
DA:45,0
DA:46,0
DA:47,0
DA:49,0
DA:54,0
DA:57,0
DA:59,0
DA:61,0
DA:68,0
DA:69,0
DA:70,0
DA:77,0
DA:79,0
DA:82,0
DA:83,0
DA:87,0
DA:95,0
DA:127,0
DA:128,0
DA:132,0
DA:133,0
DA:134,0
DA:144,0
DA:155,0
DA:156,0
DA:157,0
DA:159,0
DA:160,0
DA:166,0
DA:167,0
DA:179,0
DA:188,0
DA:193,0
DA:194,0
DA:195,0
DA:197,0
DA:205,0
DA:212,0
DA:213,0
DA:214,0
DA:215,0
DA:220,0
DA:221,0
DA:228,0
DA:232,0
DA:233,0
DA:236,0
DA:237,0
DA:240,0
DA:242,0
DA:272,0
DA:273,0
DA:274,0
DA:281,0
DA:282,0
DA:283,0
DA:286,0
DA:287,0
DA:288,0
DA:289,0
DA:292,0
DA:293,0
DA:294,0
DA:304,0
DA:307,0
DA:314,0
DA:315,0
DA:316,0
DA:317,0
DA:318,0
DA:321,0
DA:322,0
DA:325,0
DA:326,0
DA:328,0
DA:329,0
DA:332,0
DA:333,0
DA:335,0
DA:336,0
DA:344,0
DA:353,0
DA:364,0
DA:365,0
DA:366,0
DA:367,0
DA:369,0
DA:370,0
DA:371,0
DA:372,0
DA:373,0
DA:375,0
DA:377,0
DA:380,0
DA:381,0
DA:392,0
DA:393,0
DA:394,0
DA:395,0
DA:396,0
DA:397,0
DA:399,0
DA:405,0
DA:417,0
DA:418,0
DA:420,0
DA:421,0
DA:422,0
DA:424,0
DA:427,0
DA:428,0
DA:430,0
DA:432,0
DA:433,0
DA:434,0
DA:437,0
DA:438,0
DA:439,0
DA:440,0
DA:441,0
DA:445,0
DA:446,0
DA:447,0
DA:450,0
DA:451,0
DA:453,0
DA:454,0
DA:459,0
DA:460,0
DA:461,0
DA:466,0
DA:467,0
DA:470,0
DA:471,0
DA:472,0
DA:473,0
DA:477,0
DA:478,0
DA:479,0
DA:484,0
DA:487,0
DA:488,0
LF:148
LH:0
BRDA:22,0,0,0
BRDA:22,0,1,0
BRDA:38,1,0,0
BRDA:38,1,1,0
BRDA:43,2,0,0
BRDA:43,2,1,0
BRDA:69,3,0,0
BRDA:69,3,1,0
BRDA:82,4,0,0
BRDA:82,4,1,0
BRDA:102,5,0,0
BRDA:102,5,1,0
BRDA:127,6,0,0
BRDA:127,6,1,0
BRDA:133,7,0,0
BRDA:133,7,1,0
BRDA:155,8,0,0
BRDA:157,9,0,0
BRDA:157,9,1,0
BRDA:159,10,0,0
BRDA:159,10,1,0
BRDA:166,11,0,0
BRDA:166,11,1,0
BRDA:236,12,0,0
BRDA:236,12,1,0
BRDA:243,13,0,0
BRDA:243,13,1,0
BRDA:253,14,0,0
BRDA:253,14,1,0
BRDA:292,15,0,0
BRDA:292,15,1,0
BRDA:317,16,0,0
BRDA:317,16,1,0
BRDA:335,17,0,0
BRDA:335,17,1,0
BRDA:335,18,0,0
BRDA:335,18,1,0
BRDA:347,19,0,0
BRDA:347,19,1,0
BRDA:348,20,0,0
BRDA:348,20,1,0
BRDA:372,21,0,0
BRDA:372,21,1,0
BRDA:373,22,0,0
BRDA:373,22,1,0
BRDA:400,23,0,0
BRDA:400,23,1,0
BRDA:401,24,0,0
BRDA:401,24,1,0
BRDA:421,25,0,0
BRDA:421,25,1,0
BRDA:439,26,0,0
BRDA:439,26,1,0
BRDA:445,27,0,0
BRDA:445,27,1,0
BRDA:487,28,0,0
BRDA:487,28,1,0
BRF:57
BRH:0
end_of_record
TN:
SF:config/permissions.js
FNF:0
FNH:0
DA:4,0
LF:1
LH:0
BRF:0
BRH:0
end_of_record
TN:
SF:config/roles.js
FNF:0
FNH:0
DA:3,54
LF:1
LH:1
BRF:0
BRH:0
end_of_record
TN:
SF:config/security.js
FN:29,(anonymous_0)
FN:84,(anonymous_1)
FN:115,(anonymous_2)
FN:157,(anonymous_3)
FN:172,(anonymous_4)
FN:183,(anonymous_5)
FNF:6
FNH:4
FNDA:3,(anonymous_0)
FNDA:0,(anonymous_1)
FNDA:7,(anonymous_2)
FNDA:3,(anonymous_3)
FNDA:0,(anonymous_4)
FNDA:2,(anonymous_5)
DA:10,7
DA:30,3
DA:39,3
DA:41,3
DA:42,2
DA:44,1
DA:85,0
DA:89,0
DA:90,0
DA:92,0
DA:115,7
DA:157,7
DA:158,3
DA:161,3
DA:164,3
DA:167,3
DA:170,3
DA:173,0
DA:178,3
DA:183,3
DA:184,2
DA:185,2
DA:186,2
DA:187,2
DA:188,2
DA:189,2
DA:192,3
LF:27
LH:22
BRDA:39,0,0,0
BRDA:39,0,1,3
BRDA:41,1,0,2
BRDA:41,1,1,1
BRDA:85,2,0,0
BRDA:85,2,1,0
BRDA:89,3,0,0
BRDA:89,3,1,0
BRDA:89,4,0,0
BRDA:89,4,1,0
BRDA:157,5,0,0
BRDA:158,6,0,3
BRDA:158,6,1,0
BRF:13
BRH:4
end_of_record
TN:
SF:config/socket.js
FN:16,(anonymous_0)
FN:49,initSocket
FN:69,(anonymous_2)
FN:91,(anonymous_3)
FN:99,(anonymous_4)
FN:109,getIO
FN:121,getOnlineUserCount
FN:130,closeSocket
FNF:8
FNH:0
FNDA:0,(anonymous_0)
FNDA:0,initSocket
FNDA:0,(anonymous_2)
FNDA:0,(anonymous_3)
FNDA:0,(anonymous_4)
FNDA:0,getIO
FNDA:0,getOnlineUserCount
FNDA:0,closeSocket
DA:9,0
DA:16,0
DA:18,0
DA:20,0
DA:23,0
DA:26,0
DA:28,0
DA:32,0
DA:34,0
DA:35,0
DA:37,0
DA:38,0
DA:41,0
DA:42,0
DA:44,0
DA:45,0
DA:50,0
DA:56,0
DA:65,0
DA:66,0
DA:69,0
DA:70,0
DA:73,0
DA:76,0
DA:79,0
DA:80,0
DA:81,0
DA:82,0
DA:85,0
DA:86,0
DA:87,0
DA:91,0
DA:92,0
DA:93,0
DA:94,0
DA:95,0
DA:99,0
DA:100,0
DA:101,0
DA:103,0
DA:106,0
DA:110,0
DA:111,0
DA:113,0
DA:122,0
DA:131,0
DA:132,0
DA:133,0
LF:48
LH:0
BRDA:20,0,0,0
BRDA:20,0,1,0
BRDA:34,1,0,0
BRDA:34,1,1,0
BRDA:37,2,0,0
BRDA:37,2,1,0
BRDA:65,3,0,0
BRDA:65,3,1,0
BRDA:73,4,0,0
BRDA:73,4,1,0
BRDA:79,5,0,0
BRDA:79,5,1,0
BRDA:85,6,0,0
BRDA:85,6,1,0
BRDA:92,7,0,0
BRDA:92,7,1,0
BRDA:110,8,0,0
BRDA:110,8,1,0
BRDA:131,9,0,0
BRDA:131,9,1,0
BRF:20
BRH:0
end_of_record
TN:
SF:config/swagger.js
FN:254,(anonymous_0)
FN:262,(anonymous_1)
FNF:2
FNH:1
FNDA:6,(anonymous_0)
FNDA:0,(anonymous_1)
DA:4,6
DA:252,6
DA:254,6
DA:256,6
DA:262,6
DA:263,0
DA:264,0
LF:7
LH:5
BRF:0
BRH:0
end_of_record
TN:
SF:controllers/analysisController.js
FN:23,getPreviousSession
FN:34,(anonymous_1)
FN:72,(anonymous_2)
FN:172,(anonymous_3)
FN:237,(anonymous_4)
FN:238,(anonymous_5)
FN:277,(anonymous_6)
FN:369,(anonymous_7)
FN:506,(anonymous_8)
FN:507,(anonymous_9)
FN:543,(anonymous_10)
FN:560,(anonymous_11)
FN:574,(anonymous_12)
FN:586,(anonymous_13)
FN:601,(anonymous_14)
FN:611,(anonymous_15)
FN:634,(anonymous_16)
FN:644,(anonymous_17)
FN:646,(anonymous_18)
FN:648,(anonymous_19)
FN:649,(anonymous_20)
FN:672,(anonymous_21)
FN:718,(anonymous_22)
FN:772,(anonymous_23)
FN:816,(anonymous_24)
FN:884,(anonymous_25)
FN:916,(anonymous_26)
FN:917,(anonymous_27)
FN:938,(anonymous_28)
FN:942,(anonymous_29)
FN:962,(anonymous_30)
FN:974,(anonymous_31)
FNF:32
FNH:15
FNDA:0,getPreviousSession
FNDA:2,(anonymous_1)
FNDA:5,(anonymous_2)
FNDA:4,(anonymous_3)
FNDA:0,(anonymous_4)
FNDA:0,(anonymous_5)
FNDA:5,(anonymous_6)
FNDA:3,(anonymous_7)
FNDA:0,(anonymous_8)
FNDA:0,(anonymous_9)
FNDA:3,(anonymous_10)
FNDA:1,(anonymous_11)
FNDA:1,(anonymous_12)
FNDA:4,(anonymous_13)
FNDA:0,(anonymous_14)
FNDA:0,(anonymous_15)
FNDA:0,(anonymous_16)
FNDA:0,(anonymous_17)
FNDA:0,(anonymous_18)
FNDA:0,(anonymous_19)
FNDA:0,(anonymous_20)
FNDA:3,(anonymous_21)
FNDA:3,(anonymous_22)
FNDA:7,(anonymous_23)
FNDA:2,(anonymous_24)
FNDA:3,(anonymous_25)
FNDA:0,(anonymous_26)
FNDA:0,(anonymous_27)
FNDA:0,(anonymous_28)
FNDA:0,(anonymous_29)
FNDA:0,(anonymous_30)
FNDA:3,(anonymous_31)
DA:20,8
DA:24,0
DA:25,0
DA:26,0
DA:34,8
DA:43,2
DA:57,2
DA:72,8
DA:73,5
DA:74,5
DA:75,5
DA:76,5
DA:77,3
DA:79,2
DA:80,2
DA:81,1
DA:83,1
DA:86,5
DA:87,1
DA:88,1
DA:91,1
DA:115,1
DA:116,1
DA:118,1
DA:132,1
DA:144,1
DA:158,1
DA:165,1
DA:172,8
DA:173,4
DA:174,4
DA:175,4
DA:176,4
DA:178,4
DA:179,4
DA:180,1
DA:181,1
DA:182,0
DA:185,4
DA:186,4
DA:187,2
DA:188,2
DA:192,2
DA:193,2
DA:194,0
DA:199,2
DA:200,2
DA:201,1
DA:202,1
DA:204,2
DA:205,2
DA:206,2
DA:208,0
DA:211,0
DA:225,0
DA:226,0
DA:227,0
DA:234,0
DA:236,0
DA:237,0
DA:238,0
DA:245,0
DA:251,0
DA:256,0
DA:268,0
DA:269,0
DA:270,0
DA:277,8
DA:278,5
DA:279,5
DA:280,5
DA:281,5
DA:282,5
DA:283,5
DA:284,3
DA:286,2
DA:287,2
DA:288,0
DA:291,5
DA:292,1
DA:293,1
DA:299,1
DA:361,1
DA:362,1
DA:369,8
DA:370,3
DA:371,3
DA:372,3
DA:373,3
DA:374,3
DA:375,2
DA:377,1
DA:378,1
DA:379,0
DA:382,3
DA:383,3
DA:384,0
DA:385,0
DA:392,0
DA:393,0
DA:394,0
DA:398,0
DA:410,0
DA:420,0
DA:425,0
DA:475,0
DA:476,0
DA:478,0
DA:497,0
DA:506,0
DA:507,0
DA:508,0
DA:511,0
DA:513,0
DA:526,0
DA:534,0
DA:535,0
DA:543,8
DA:544,3
DA:545,3
DA:546,3
DA:547,3
DA:548,3
DA:549,2
DA:550,2
DA:553,2
DA:559,2
DA:560,2
DA:562,2
DA:563,2
DA:574,8
DA:575,1
DA:576,1
DA:577,1
DA:578,1
DA:579,1
DA:586,8
DA:587,4
DA:588,4
DA:589,4
DA:590,4
DA:591,4
DA:592,3
DA:593,3
DA:595,4
DA:597,4
DA:598,4
DA:599,4
DA:600,4
DA:601,3
DA:602,0
DA:603,0
DA:604,0
DA:605,0
DA:606,0
DA:607,0
DA:610,4
DA:611,3
DA:612,0
DA:613,0
DA:614,0
DA:615,0
DA:616,0
DA:617,0
DA:621,4
DA:622,4
DA:623,2
DA:624,2
DA:627,2
DA:634,2
DA:635,0
DA:636,0
DA:637,0
DA:641,2
DA:643,2
DA:644,0
DA:645,0
DA:646,0
DA:647,0
DA:648,0
DA:649,0
DA:650,0
DA:651,0
DA:655,2
DA:662,2
DA:663,2
DA:664,2
DA:672,8
DA:673,3
DA:674,3
DA:675,3
DA:676,3
DA:677,3
DA:678,2
DA:679,2
DA:681,3
DA:682,3
DA:683,1
DA:684,1
DA:688,1
DA:689,0
DA:690,0
DA:691,0
DA:698,1
DA:709,1
DA:710,1
DA:718,8
DA:719,3
DA:720,3
DA:721,3
DA:722,3
DA:723,3
DA:724,1
DA:725,1
DA:727,3
DA:728,1
DA:729,1
DA:730,1
DA:733,1
DA:764,1
DA:765,1
DA:772,8
DA:773,7
DA:774,7
DA:775,7
DA:776,7
DA:777,7
DA:778,7
DA:779,2
DA:781,7
DA:782,7
DA:783,2
DA:786,2
DA:787,0
DA:789,2
DA:790,1
DA:793,1
DA:795,1
DA:803,1
DA:804,1
DA:806,1
DA:807,1
DA:816,8
DA:817,2
DA:818,2
DA:819,2
DA:820,2
DA:821,2
DA:822,2
DA:823,2
DA:824,0
DA:826,0
DA:830,0
DA:831,0
DA:834,0
DA:873,0
DA:875,0
DA:876,0
DA:884,8
DA:885,3
DA:886,3
DA:887,3
DA:888,3
DA:889,3
DA:890,3
DA:891,3
DA:892,3
DA:893,3
DA:894,0
DA:896,0
DA:897,0
DA:898,0
DA:901,0
DA:907,0
DA:910,0
DA:911,0
DA:912,0
DA:913,0
DA:915,0
DA:916,0
DA:918,0
DA:931,0
DA:932,0
DA:938,0
DA:939,0
DA:940,0
DA:942,0
DA:943,0
DA:950,0
DA:951,0
DA:952,0
DA:953,0
DA:954,0
DA:955,0
DA:958,0
DA:962,0
DA:964,0
DA:965,0
DA:974,8
DA:975,3
DA:976,3
DA:977,3
DA:978,3
DA:979,3
DA:980,2
DA:983,2
DA:984,2
DA:985,1
DA:988,1
DA:1036,1
DA:1037,1
LF:311
LH:203
BRDA:24,0,0,0
BRDA:24,0,1,0
BRDA:24,1,0,0
BRDA:24,1,1,0
BRDA:76,2,0,3
BRDA:76,2,1,2
BRDA:80,3,0,1
BRDA:80,3,1,1
BRDA:179,4,0,1
BRDA:179,4,1,3
BRDA:181,5,0,0
BRDA:181,5,1,1
BRDA:187,6,0,0
BRDA:187,6,1,2
BRDA:193,7,0,0
BRDA:193,7,1,2
BRDA:193,8,0,2
BRDA:193,8,1,2
BRDA:200,9,0,1
BRDA:200,9,1,1
BRDA:200,10,0,2
BRDA:200,10,1,1
BRDA:205,11,0,2
BRDA:205,11,1,0
BRDA:226,12,0,0
BRDA:226,12,1,0
BRDA:226,13,0,0
BRDA:226,13,1,0
BRDA:234,14,0,0
BRDA:234,14,1,0
BRDA:261,15,0,0
BRDA:261,15,1,0
BRDA:262,16,0,0
BRDA:262,16,1,0
BRDA:283,17,0,3
BRDA:283,17,1,2
BRDA:287,18,0,0
BRDA:287,18,1,2
BRDA:374,19,0,2
BRDA:374,19,1,1
BRDA:378,20,0,0
BRDA:378,20,1,1
BRDA:394,21,0,0
BRDA:394,21,1,0
BRDA:476,22,0,0
BRDA:476,22,1,0
BRDA:506,23,0,0
BRDA:506,23,1,0
BRDA:507,24,0,0
BRDA:507,24,1,0
BRDA:508,25,0,0
BRDA:508,25,1,0
BRDA:511,26,0,0
BRDA:511,26,1,0
BRDA:511,27,0,0
BRDA:511,27,1,0
BRDA:519,28,0,0
BRDA:519,28,1,0
BRDA:520,29,0,0
BRDA:520,29,1,0
BRDA:521,30,0,0
BRDA:521,30,1,0
BRDA:522,31,0,0
BRDA:522,31,1,0
BRDA:523,32,0,0
BRDA:523,32,1,0
BRDA:535,33,0,0
BRDA:535,33,1,0
BRDA:564,34,0,1
BRDA:564,34,1,1
BRDA:565,35,0,1
BRDA:565,35,1,1
BRDA:579,36,0,1
BRDA:579,36,1,0
BRDA:587,37,0,1
BRDA:587,38,0,1
BRDA:587,39,0,4
BRDA:587,40,0,4
BRDA:591,41,0,1
BRDA:591,41,1,3
BRDA:593,42,0,0
BRDA:593,42,1,3
BRDA:597,43,0,1
BRDA:597,43,1,3
BRDA:598,44,0,1
BRDA:598,44,1,3
BRDA:600,45,0,3
BRDA:600,45,1,1
BRDA:602,46,0,0
BRDA:602,46,1,0
BRDA:602,47,0,0
BRDA:602,47,1,0
BRDA:604,48,0,0
BRDA:604,48,1,0
BRDA:605,49,0,0
BRDA:605,49,1,0
BRDA:606,50,0,0
BRDA:606,50,1,0
BRDA:606,51,0,0
BRDA:606,51,1,0
BRDA:607,52,0,0
BRDA:607,52,1,0
BRDA:610,53,0,3
BRDA:610,53,1,1
BRDA:612,54,0,0
BRDA:612,54,1,0
BRDA:612,55,0,0
BRDA:612,55,1,0
BRDA:614,56,0,0
BRDA:614,56,1,0
BRDA:615,57,0,0
BRDA:615,57,1,0
BRDA:616,58,0,0
BRDA:616,58,1,0
BRDA:616,59,0,0
BRDA:616,59,1,0
BRDA:617,60,0,0
BRDA:617,60,1,0
BRDA:636,61,0,0
BRDA:636,61,1,0
BRDA:636,62,0,0
BRDA:636,62,1,0
BRDA:636,62,2,0
BRDA:643,63,0,0
BRDA:643,63,1,2
BRDA:650,64,0,0
BRDA:650,64,1,0
BRDA:659,65,0,0
BRDA:659,65,1,2
BRDA:677,66,0,1
BRDA:677,66,1,2
BRDA:679,67,0,0
BRDA:679,67,1,2
BRDA:688,68,0,0
BRDA:688,68,1,1
BRDA:690,69,0,0
BRDA:690,69,1,0
BRDA:690,70,0,0
BRDA:690,70,1,0
BRDA:723,71,0,2
BRDA:723,71,1,1
BRDA:725,72,0,0
BRDA:725,72,1,1
BRDA:773,73,0,7
BRDA:776,74,0,2
BRDA:776,74,1,5
BRDA:777,75,0,1
BRDA:777,75,1,6
BRDA:778,76,0,2
BRDA:778,76,1,5
BRDA:778,77,0,7
BRDA:778,77,1,5
BRDA:781,78,0,6
BRDA:781,78,1,1
BRDA:786,79,0,0
BRDA:786,79,1,2
BRDA:786,80,0,2
BRDA:786,80,1,0
BRDA:789,81,0,1
BRDA:789,81,1,1
BRDA:789,82,0,2
BRDA:789,82,1,2
BRDA:803,83,0,1
BRDA:803,83,1,0
BRDA:821,84,0,1
BRDA:821,84,1,1
BRDA:821,85,0,2
BRDA:821,85,1,1
BRDA:822,86,0,0
BRDA:822,86,1,2
BRDA:822,87,0,2
BRDA:822,87,1,1
BRDA:830,88,0,0
BRDA:830,88,1,0
BRDA:830,89,0,0
BRDA:830,89,1,0
BRDA:873,90,0,0
BRDA:873,90,1,0
BRDA:873,91,0,0
BRDA:873,91,1,0
BRDA:889,92,0,1
BRDA:889,92,1,2
BRDA:890,93,0,3
BRDA:890,93,1,0
BRDA:891,94,0,0
BRDA:891,94,1,3
BRDA:891,95,0,3
BRDA:891,95,1,2
BRDA:892,96,0,0
BRDA:892,96,1,3
BRDA:892,97,0,3
BRDA:892,97,1,0
BRDA:912,98,0,0
BRDA:912,98,1,0
BRDA:943,99,0,0
BRDA:943,99,1,0
BRDA:943,99,2,0
BRDA:943,99,3,0
BRDA:943,99,4,0
BRDA:950,100,0,0
BRDA:950,100,1,0
BRDA:954,101,0,0
BRDA:954,101,1,0
BRDA:984,102,0,1
BRDA:984,102,1,1
BRDA:984,103,0,2
BRDA:984,103,1,1
BRDA:984,103,2,1
BRF:208
BRH:89
end_of_record
TN:
SF:controllers/assignmentController.enhanced.js
FN:15,(anonymous_0)
FN:80,(anonymous_1)
FN:134,(anonymous_2)
FN:140,(anonymous_3)
FN:149,(anonymous_4)
FN:169,(anonymous_5)
FN:203,(anonymous_6)
FN:280,(anonymous_7)
FN:341,(anonymous_8)
FN:393,(anonymous_9)
FN:445,(anonymous_10)
FNF:11
FNH:0
FNDA:0,(anonymous_0)
FNDA:0,(anonymous_1)
FNDA:0,(anonymous_2)
FNDA:0,(anonymous_3)
FNDA:0,(anonymous_4)
FNDA:0,(anonymous_5)
FNDA:0,(anonymous_6)
FNDA:0,(anonymous_7)
FNDA:0,(anonymous_8)
FNDA:0,(anonymous_9)
FNDA:0,(anonymous_10)
DA:15,0
DA:16,0
DA:19,0
DA:20,0
DA:24,0
DA:25,0
DA:29,0
DA:30,0
DA:32,0
DA:33,0
DA:37,0
DA:42,0
DA:43,0
DA:46,0
DA:47,0
DA:50,0
DA:63,0
DA:72,0
DA:80,0
DA:81,0
DA:82,0
DA:85,0
DA:86,0
DA:87,0
DA:91,0
DA:92,0
DA:96,0
DA:97,0
DA:98,0
DA:112,0
DA:113,0
DA:114,0
DA:116,0
DA:120,0
DA:122,0
DA:133,0
DA:134,0
DA:135,0
DA:140,0
DA:141,0
DA:146,0
DA:149,0
DA:150,0
DA:154,0
DA:161,0
DA:169,0
DA:170,0
DA:172,0
DA:177,0
DA:178,0
DA:182,0
DA:183,0
DA:187,0
DA:188,0
DA:192,0
DA:195,0
DA:203,0
DA:204,0
DA:205,0
DA:206,0
DA:208,0
DA:209,0
DA:213,0
DA:214,0
DA:217,0
DA:218,0
DA:219,0
DA:223,0
DA:224,0
DA:228,0
DA:229,0
DA:233,0
DA:239,0
DA:240,0
DA:243,0
DA:244,0
DA:245,0
DA:247,0
DA:249,0
DA:260,0
DA:272,0
DA:280,0
DA:281,0
DA:282,0
DA:285,0
DA:286,0
DA:289,0
DA:300,0
DA:301,0
DA:305,0
DA:309,0
DA:310,0
DA:314,0
DA:315,0
DA:318,0
DA:333,0
DA:341,0
DA:342,0
DA:343,0
DA:345,0
DA:346,0
DA:347,0
DA:351,0
DA:355,0
DA:356,0
DA:360,0
DA:361,0
DA:362,0
DA:366,0
DA:368,0
DA:378,0
DA:385,0
DA:393,0
DA:394,0
DA:395,0
DA:397,0
DA:398,0
DA:399,0
DA:403,0
DA:404,0
DA:408,0
DA:409,0
DA:413,0
DA:414,0
DA:417,0
DA:418,0
DA:419,0
DA:420,0
DA:421,0
DA:422,0
DA:424,0
DA:437,0
DA:445,0
DA:446,0
DA:448,0
DA:449,0
DA:450,0
DA:454,0
DA:458,0
DA:459,0
DA:463,0
DA:464,0
DA:465,0
DA:468,0
DA:472,0
LF:145
LH:0
BRDA:19,0,0,0
BRDA:19,0,1,0
BRDA:19,1,0,0
BRDA:19,1,1,0
BRDA:19,1,2,0
BRDA:19,1,3,0
BRDA:19,1,4,0
BRDA:24,2,0,0
BRDA:24,2,1,0
BRDA:29,3,0,0
BRDA:29,3,1,0
BRDA:32,4,0,0
BRDA:32,4,1,0
BRDA:42,5,0,0
BRDA:42,5,1,0
BRDA:42,6,0,0
BRDA:42,6,1,0
BRDA:46,7,0,0
BRDA:46,7,1,0
BRDA:46,8,0,0
BRDA:46,8,1,0
BRDA:58,9,0,0
BRDA:58,9,1,0
BRDA:82,10,0,0
BRDA:82,11,0,0
BRDA:86,12,0,0
BRDA:86,12,1,0
BRDA:91,13,0,0
BRDA:91,13,1,0
BRDA:96,14,0,0
BRDA:96,14,1,0
BRDA:97,15,0,0
BRDA:97,15,1,0
BRDA:113,16,0,0
BRDA:113,16,1,0
BRDA:133,17,0,0
BRDA:133,17,1,0
BRDA:133,18,0,0
BRDA:133,18,1,0
BRDA:150,19,0,0
BRDA:150,19,1,0
BRDA:177,20,0,0
BRDA:177,20,1,0
BRDA:182,21,0,0
BRDA:182,21,1,0
BRDA:187,22,0,0
BRDA:187,22,1,0
BRDA:187,23,0,0
BRDA:187,23,1,0
BRDA:208,24,0,0
BRDA:208,24,1,0
BRDA:213,25,0,0
BRDA:213,25,1,0
BRDA:213,26,0,0
BRDA:213,26,1,0
BRDA:218,27,0,0
BRDA:218,27,1,0
BRDA:223,28,0,0
BRDA:223,28,1,0
BRDA:228,29,0,0
BRDA:228,29,1,0
BRDA:239,30,0,0
BRDA:239,30,1,0
BRDA:239,31,0,0
BRDA:239,31,1,0
BRDA:245,32,0,0
BRDA:245,32,1,0
BRDA:247,33,0,0
BRDA:247,33,1,0
BRDA:285,34,0,0
BRDA:285,34,1,0
BRDA:300,35,0,0
BRDA:300,35,1,0
BRDA:305,36,0,0
BRDA:305,36,1,0
BRDA:305,36,2,0
BRDA:309,37,0,0
BRDA:309,37,1,0
BRDA:314,38,0,0
BRDA:314,38,1,0
BRDA:322,39,0,0
BRDA:322,39,1,0
BRDA:343,40,0,0
BRDA:343,41,0,0
BRDA:346,42,0,0
BRDA:346,42,1,0
BRDA:351,43,0,0
BRDA:351,43,1,0
BRDA:351,43,2,0
BRDA:355,44,0,0
BRDA:355,44,1,0
BRDA:361,45,0,0
BRDA:361,45,1,0
BRDA:398,46,0,0
BRDA:398,46,1,0
BRDA:403,47,0,0
BRDA:403,47,1,0
BRDA:408,48,0,0
BRDA:408,48,1,0
BRDA:408,49,0,0
BRDA:408,49,1,0
BRDA:413,50,0,0
BRDA:413,50,1,0
BRDA:413,51,0,0
BRDA:413,51,1,0
BRDA:418,52,0,0
BRDA:418,52,1,0
BRDA:419,53,0,0
BRDA:419,53,1,0
BRDA:420,54,0,0
BRDA:420,54,1,0
BRDA:421,55,0,0
BRDA:421,55,1,0
BRDA:422,56,0,0
BRDA:422,56,1,0
BRDA:449,57,0,0
BRDA:449,57,1,0
BRDA:454,58,0,0
BRDA:454,58,1,0
BRDA:454,58,2,0
BRDA:458,59,0,0
BRDA:458,59,1,0
BRDA:464,60,0,0
BRDA:464,60,1,0
BRF:124
BRH:0
end_of_record
TN:
SF:controllers/assignmentController.js
FN:13,(anonymous_0)
FN:38,(anonymous_1)
FN:55,(anonymous_2)
FN:94,(anonymous_3)
FNF:4
FNH:4
FNDA:5,(anonymous_0)
FNDA:5,(anonymous_1)
FNDA:12,(anonymous_2)
FNDA:6,(anonymous_3)
DA:13,8
DA:14,5
DA:16,5
DA:30,3
DA:38,8
DA:39,5
DA:43,5
DA:47,5
DA:55,8
DA:56,12
DA:57,12
DA:58,12
DA:60,12
DA:61,2
DA:64,10
DA:65,10
DA:66,2
DA:70,8
DA:71,8
DA:72,2
DA:75,6
DA:77,6
DA:86,6
DA:94,8
DA:95,6
DA:96,6
DA:98,6
DA:105,5
DA:106,2
DA:111,3
LF:30
LH:30
BRDA:60,0,0,2
BRDA:60,0,1,10
BRDA:65,1,0,2
BRDA:65,1,1,8
BRDA:71,2,0,2
BRDA:71,2,1,6
BRDA:75,3,0,2
BRDA:75,3,1,4
BRDA:105,4,0,2
BRDA:105,4,1,3
BRF:10
BRH:10
end_of_record
TN:
SF:controllers/authcontroller.js
FNF:0
FNH:0
LF:0
LH:0
BRF:0
BRH:0
end_of_record
TN:
SF:controllers/buserTransactionController.js
FN:9,(anonymous_0)
FN:44,(anonymous_1)
FN:90,(anonymous_2)
FN:133,(anonymous_3)
FN:156,(anonymous_4)
FNF:5
FNH:0
FNDA:0,(anonymous_0)
FNDA:0,(anonymous_1)
FNDA:0,(anonymous_2)
FNDA:0,(anonymous_3)
FNDA:0,(anonymous_4)
DA:9,6
DA:10,0
DA:11,0
DA:14,0
DA:15,0
DA:17,0
DA:18,0
DA:21,0
DA:22,0
DA:26,0
DA:27,0
DA:28,0
DA:32,0
DA:33,0
DA:36,0
DA:37,0
DA:40,0
DA:44,6
DA:46,0
DA:47,0
DA:50,0
DA:52,0
DA:53,0
DA:57,0
DA:58,0
DA:60,0
DA:63,0
DA:66,0
DA:67,0
DA:68,0
DA:69,0
DA:71,0
DA:74,0
DA:75,0
DA:78,0
DA:81,0
DA:82,0
DA:83,0
DA:86,0
DA:90,6
DA:91,0
DA:92,0
DA:94,0
DA:95,0
DA:99,0
DA:100,0
DA:103,0
DA:104,0
DA:105,0
DA:109,0
DA:110,0
DA:116,0
DA:117,0
DA:120,0
DA:121,0
DA:122,0
DA:124,0
DA:125,0
DA:128,0
DA:129,0
DA:133,6
DA:134,0
DA:136,0
DA:137,0
DA:141,0
DA:142,0
DA:144,0
DA:146,0
DA:148,0
DA:149,0
DA:151,0
DA:156,6
DA:157,0
DA:160,0
DA:161,0
DA:162,0
DA:164,0
DA:167,0
DA:168,0
DA:169,0
DA:172,0
DA:173,0
DA:176,0
DA:177,0
LF:84
LH:5
BRDA:14,0,0,0
BRDA:14,0,1,0
BRDA:14,1,0,0
BRDA:14,1,1,0
BRDA:14,1,2,0
BRDA:17,2,0,0
BRDA:17,2,1,0
BRDA:21,3,0,0
BRDA:21,3,1,0
BRDA:27,4,0,0
BRDA:27,4,1,0
BRDA:32,5,0,0
BRDA:32,5,1,0
BRDA:32,6,0,0
BRDA:32,6,1,0
BRDA:50,7,0,0
BRDA:50,7,1,0
BRDA:52,8,0,0
BRDA:52,8,1,0
BRDA:57,9,0,0
BRDA:57,9,1,0
BRDA:63,10,0,0
BRDA:63,10,1,0
BRDA:66,11,0,0
BRDA:66,11,1,0
BRDA:67,12,0,0
BRDA:67,12,1,0
BRDA:68,13,0,0
BRDA:68,13,1,0
BRDA:68,14,0,0
BRDA:68,14,1,0
BRDA:69,15,0,0
BRDA:69,15,1,0
BRDA:74,16,0,0
BRDA:74,16,1,0
BRDA:81,17,0,0
BRDA:81,17,1,0
BRDA:94,18,0,0
BRDA:94,18,1,0
BRDA:94,19,0,0
BRDA:94,19,1,0
BRDA:99,20,0,0
BRDA:99,20,1,0
BRDA:104,21,0,0
BRDA:104,21,1,0
BRDA:116,22,0,0
BRDA:116,22,1,0
BRDA:121,23,0,0
BRDA:121,23,1,0
BRDA:121,24,0,0
BRDA:121,24,1,0
BRDA:124,25,0,0
BRDA:124,25,1,0
BRDA:136,26,0,0
BRDA:136,26,1,0
BRDA:144,27,0,0
BRDA:144,27,1,0
BRDA:146,28,0,0
BRDA:146,28,1,0
BRDA:148,29,0,0
BRDA:148,29,1,0
BRDA:148,30,0,0
BRDA:148,30,1,0
BRDA:148,30,2,0
BRDA:148,30,3,0
BRDA:160,31,0,0
BRDA:160,31,1,0
BRDA:161,32,0,0
BRDA:161,32,1,0
BRDA:168,33,0,0
BRDA:168,33,1,0
BRDA:172,34,0,0
BRDA:172,34,1,0
BRF:73
BRH:0
end_of_record
TN:
SF:controllers/calendarController.js
FN:14,(anonymous_0)
FN:31,(anonymous_1)
FN:49,(anonymous_2)
FN:59,(anonymous_3)
FN:101,(anonymous_4)
FN:119,(anonymous_5)
FNF:6
FNH:0
FNDA:0,(anonymous_0)
FNDA:0,(anonymous_1)
FNDA:0,(anonymous_2)
FNDA:0,(anonymous_3)
FNDA:0,(anonymous_4)
FNDA:0,(anonymous_5)
DA:14,6
DA:15,0
DA:17,0
DA:18,0
DA:21,0
DA:22,0
DA:24,0
DA:30,0
DA:31,0
DA:32,0
DA:33,0
DA:34,0
DA:36,0
DA:37,0
DA:38,0
DA:41,0
DA:49,6
DA:50,0
DA:51,0
DA:59,6
DA:60,0
DA:62,0
DA:74,0
DA:75,0
DA:76,0
DA:77,0
DA:78,0
DA:84,0
DA:85,0
DA:93,0
DA:101,6
DA:102,0
DA:103,0
DA:106,0
DA:107,0
DA:110,0
DA:111,0
DA:119,6
DA:120,0
DA:121,0
DA:124,0
DA:125,0
DA:128,0
DA:129,0
LF:44
LH:5
BRDA:17,0,0,0
BRDA:17,0,1,0
BRDA:36,1,0,0
BRDA:36,1,1,0
BRDA:37,2,0,0
BRDA:37,2,1,0
BRDA:60,3,0,0
BRDA:60,4,0,0
BRDA:68,5,0,0
BRDA:68,5,1,0
BRDA:75,6,0,0
BRDA:75,6,1,0
BRDA:75,7,0,0
BRDA:75,7,1,0
BRDA:77,8,0,0
BRDA:77,8,1,0
BRDA:88,9,0,0
BRDA:88,9,1,0
BRDA:103,10,0,0
BRDA:103,10,1,0
BRDA:106,11,0,0
BRDA:106,11,1,0
BRDA:121,12,0,0
BRDA:121,12,1,0
BRDA:124,13,0,0
BRDA:124,13,1,0
BRF:26
BRH:0
end_of_record
TN:
SF:controllers/classController.js
FN:13,(anonymous_0)
FN:56,(anonymous_1)
FN:87,(anonymous_2)
FN:127,(anonymous_3)
FNF:4
FNH:3
FNDA:1,(anonymous_0)
FNDA:1,(anonymous_1)
FNDA:1,(anonymous_2)
FNDA:0,(anonymous_3)
DA:13,9
DA:16,1
DA:17,1
DA:19,1
DA:20,0
DA:25,1
DA:26,1
DA:27,1
DA:29,1
DA:30,1
DA:31,1
DA:34,1
DA:35,1
DA:36,0
DA:39,1
DA:48,1
DA:56,9
DA:57,1
DA:58,1
DA:60,1
DA:61,1
DA:63,0
DA:66,1
DA:67,1
DA:74,1
DA:87,9
DA:88,1
DA:89,1
DA:91,1
DA:93,1
DA:94,0
DA:97,1
DA:98,0
DA:99,0
DA:100,0
DA:102,0
DA:106,1
DA:109,1
DA:110,0
DA:111,0
DA:112,0
DA:113,0
DA:116,1
DA:117,1
DA:119,1
DA:127,9
DA:128,0
DA:129,0
DA:131,0
DA:132,0
DA:136,0
DA:138,0
LF:52
LH:34
BRDA:19,0,0,0
BRDA:19,0,1,1
BRDA:19,1,0,1
BRDA:19,1,1,1
BRDA:19,1,2,1
BRDA:29,2,0,1
BRDA:29,2,1,0
BRDA:30,3,0,1
BRDA:30,3,1,0
BRDA:31,4,0,1
BRDA:31,4,1,0
BRDA:35,5,0,0
BRDA:35,5,1,1
BRDA:58,6,0,1
BRDA:58,7,0,1
BRDA:61,8,0,0
BRDA:61,8,1,1
BRDA:93,9,0,0
BRDA:93,9,1,1
BRDA:97,10,0,0
BRDA:97,10,1,1
BRDA:99,11,0,0
BRDA:99,11,1,0
BRDA:106,12,0,1
BRDA:106,12,1,0
BRDA:109,13,0,0
BRDA:109,13,1,1
BRDA:112,14,0,0
BRDA:112,14,1,0
BRDA:113,15,0,0
BRDA:113,15,1,0
BRDA:131,16,0,0
BRDA:131,16,1,0
BRF:33
BRH:15
end_of_record
TN:
SF:controllers/correctedSmartOnboardingController.js
FN:17,(anonymous_0)
FN:115,(anonymous_1)
FN:140,(anonymous_2)
FN:164,(anonymous_3)
FN:191,(anonymous_4)
FN:192,(anonymous_5)
FN:203,(anonymous_6)
FN:204,(anonymous_7)
FN:318,(anonymous_8)
FN:319,(anonymous_9)
FN:320,(anonymous_10)
FN:360,scrapeSchoolData
FN:382,(anonymous_12)
FN:391,scrapeStaffData
FN:440,estimateStudentCount
FN:449,createSecureAccount
FN:485,createSampleStudent
FN:510,extractSchoolName
FN:517,extractAddress
FN:523,extractPhone
FN:530,extractPrincipalName
FN:536,mapStaffRole
FN:548,generateSecurePassword
FN:557,generateEncryptionKey
FN:561,generateSmartAccess
FN:569,(anonymous_25)
FN:582,sendSmartNotifications
FN:588,setupBiometricAuth
FN:594,configureSecurityPolicies
FN:599,geocodeAddress
FN:606,calculateSecurityScore
FN:614,generateRandomName
FNF:32
FNH:0
FNDA:0,(anonymous_0)
FNDA:0,(anonymous_1)
FNDA:0,(anonymous_2)
FNDA:0,(anonymous_3)
FNDA:0,(anonymous_4)
FNDA:0,(anonymous_5)
FNDA:0,(anonymous_6)
FNDA:0,(anonymous_7)
FNDA:0,(anonymous_8)
FNDA:0,(anonymous_9)
FNDA:0,(anonymous_10)
FNDA:0,scrapeSchoolData
FNDA:0,(anonymous_12)
FNDA:0,scrapeStaffData
FNDA:0,estimateStudentCount
FNDA:0,createSecureAccount
FNDA:0,createSampleStudent
FNDA:0,extractSchoolName
FNDA:0,extractAddress
FNDA:0,extractPhone
FNDA:0,extractPrincipalName
FNDA:0,mapStaffRole
FNDA:0,generateSecurePassword
FNDA:0,generateEncryptionKey
FNDA:0,generateSmartAccess
FNDA:0,(anonymous_25)
FNDA:0,sendSmartNotifications
FNDA:0,setupBiometricAuth
FNDA:0,configureSecurityPolicies
FNDA:0,geocodeAddress
FNDA:0,calculateSecurityScore
FNDA:0,generateRandomName
DA:17,0
DA:18,0
DA:25,0
DA:28,0
DA:29,0
DA:32,0
DA:34,0
DA:41,0
DA:87,0
DA:93,0
DA:94,0
DA:111,0
DA:112,0
DA:115,0
DA:121,0
DA:122,0
DA:140,0
DA:146,0
DA:147,0
DA:164,0
DA:170,0
DA:171,0
DA:188,0
DA:191,0
DA:192,0
DA:193,0
DA:203,0
DA:204,0
DA:205,0
DA:215,0
DA:216,0
DA:222,0
DA:225,0
DA:259,0
DA:262,0
DA:269,0
DA:270,0
DA:271,0
DA:274,0
DA:318,0
DA:319,0
DA:320,0
DA:351,0
DA:354,0
DA:355,0
DA:361,0
DA:362,0
DA:369,0
DA:371,0
DA:379,0
DA:381,0
DA:382,0
DA:392,0
DA:393,0
DA:434,0
DA:436,0
DA:441,0
DA:442,0
DA:443,0
DA:445,0
DA:450,0
DA:451,0
DA:453,0
DA:476,0
DA:486,0
DA:487,0
DA:488,0
DA:490,0
DA:501,0
DA:511,0
DA:518,0
DA:524,0
DA:525,0
DA:526,0
DA:527,0
DA:531,0
DA:537,0
DA:545,0
DA:549,0
DA:550,0
DA:551,0
DA:552,0
DA:554,0
DA:558,0
DA:562,0
DA:569,0
DA:579,0
DA:584,0
DA:585,0
DA:589,0
DA:590,0
DA:591,0
DA:595,0
DA:596,0
DA:600,0
DA:607,0
DA:608,0
DA:609,0
DA:610,0
DA:611,0
DA:615,0
DA:616,0
DA:618,0
DA:619,0
DA:621,0
LF:105
LH:0
BRDA:22,0,0,0
BRDA:23,1,0,0
BRDA:24,2,0,0
BRDA:28,3,0,0
BRDA:28,3,1,0
BRDA:28,4,0,0
BRDA:28,4,1,0
BRDA:44,5,0,0
BRDA:44,5,1,0
BRDA:57,6,0,0
BRDA:57,6,1,0
BRDA:62,7,0,0
BRDA:62,7,1,0
BRDA:63,8,0,0
BRDA:63,8,1,0
BRDA:64,9,0,0
BRDA:64,9,1,0
BRDA:88,10,0,0
BRDA:88,10,1,0
BRDA:88,10,2,0
BRDA:89,11,0,0
BRDA:89,11,1,0
BRDA:90,12,0,0
BRDA:90,12,1,0
BRDA:115,13,0,0
BRDA:115,13,1,0
BRDA:140,14,0,0
BRDA:140,14,1,0
BRDA:164,15,0,0
BRDA:164,15,1,0
BRDA:325,16,0,0
BRDA:325,16,1,0
BRDA:460,17,0,0
BRDA:460,17,1,0
BRDA:497,18,0,0
BRDA:497,18,1,0
BRDA:511,19,0,0
BRDA:511,19,1,0
BRDA:511,19,2,0
BRDA:511,19,3,0
BRDA:518,20,0,0
BRDA:518,20,1,0
BRDA:518,20,2,0
BRDA:527,21,0,0
BRDA:527,21,1,0
BRDA:531,22,0,0
BRDA:531,22,1,0
BRDA:531,22,2,0
BRDA:545,23,0,0
BRDA:545,23,1,0
BRDA:589,24,0,0
BRDA:589,24,1,0
BRDA:608,25,0,0
BRDA:608,25,1,0
BRDA:609,26,0,0
BRDA:609,26,1,0
BRDA:610,27,0,0
BRDA:610,27,1,0
BRDA:618,28,0,0
BRDA:618,28,1,0
BRF:60
BRH:0
end_of_record
TN:
SF:controllers/eventController.js
FN:11,(anonymous_0)
FN:39,(anonymous_1)
FN:49,(anonymous_2)
FN:72,(anonymous_3)
FNF:4
FNH:4
FNDA:1,(anonymous_0)
FNDA:1,(anonymous_1)
FNDA:3,(anonymous_2)
FNDA:3,(anonymous_3)
DA:11,1
DA:12,1
DA:13,1
DA:15,1
DA:16,0
DA:19,1
DA:30,1
DA:31,1
DA:39,1
DA:40,1
DA:41,1
DA:49,1
DA:50,3
DA:52,3
DA:53,1
DA:56,2
DA:57,1
DA:60,1
DA:64,1
DA:72,1
DA:73,3
DA:75,3
DA:76,1
DA:79,2
DA:80,1
DA:83,1
DA:85,1
LF:27
LH:26
BRDA:15,0,0,0
BRDA:15,0,1,1
BRDA:15,1,0,1
BRDA:15,1,1,1
BRDA:15,1,2,1
BRDA:30,2,0,0
BRDA:30,2,1,1
BRDA:52,3,0,1
BRDA:52,3,1,2
BRDA:56,4,0,1
BRDA:56,4,1,1
BRDA:75,5,0,1
BRDA:75,5,1,2
BRDA:79,6,0,1
BRDA:79,6,1,1
BRF:15
BRH:13
end_of_record
TN:
SF:controllers/examController.js
FN:26,(anonymous_0)
FN:76,(anonymous_1)
FN:155,(anonymous_2)
FN:212,(anonymous_3)
FN:248,(anonymous_4)
FN:312,(anonymous_5)
FN:345,(anonymous_6)
FN:367,(anonymous_7)
FN:391,(anonymous_8)
FN:433,(anonymous_9)
FN:460,(anonymous_10)
FN:494,(anonymous_11)
FN:504,(anonymous_12)
FN:594,(anonymous_13)
FN:616,(anonymous_14)
FN:621,(anonymous_15)
FN:640,(anonymous_16)
FN:705,(anonymous_17)
FN:727,(anonymous_18)
FN:742,(anonymous_19)
FN:755,(anonymous_20)
FN:756,(anonymous_21)
FN:761,(anonymous_22)
FN:762,(anonymous_23)
FN:785,(anonymous_24)
FN:830,(anonymous_25)
FN:860,(anonymous_26)
FN:884,(anonymous_27)
FN:902,(anonymous_28)
FN:937,(anonymous_29)
FN:955,(anonymous_30)
FN:966,(anonymous_31)
FN:994,(anonymous_32)
FNF:33
FNH:30
FNDA:5,(anonymous_0)
FNDA:2,(anonymous_1)
FNDA:3,(anonymous_2)
FNDA:3,(anonymous_3)
FNDA:3,(anonymous_4)
FNDA:3,(anonymous_5)
FNDA:3,(anonymous_6)
FNDA:2,(anonymous_7)
FNDA:4,(anonymous_8)
FNDA:4,(anonymous_9)
FNDA:4,(anonymous_10)
FNDA:1,(anonymous_11)
FNDA:6,(anonymous_12)
FNDA:3,(anonymous_13)
FNDA:4,(anonymous_14)
FNDA:4,(anonymous_15)
FNDA:0,(anonymous_16)
FNDA:2,(anonymous_17)
FNDA:0,(anonymous_18)
FNDA:0,(anonymous_19)
FNDA:4,(anonymous_20)
FNDA:3,(anonymous_21)
FNDA:4,(anonymous_22)
FNDA:4,(anonymous_23)
FNDA:3,(anonymous_24)
FNDA:2,(anonymous_25)
FNDA:1,(anonymous_26)
FNDA:1,(anonymous_27)
FNDA:3,(anonymous_28)
FNDA:2,(anonymous_29)
FNDA:1,(anonymous_30)
FNDA:5,(anonymous_31)
FNDA:3,(anonymous_32)
DA:26,20
DA:27,5
DA:30,5
DA:31,5
DA:32,1
DA:36,4
DA:37,4
DA:38,1
DA:40,3
DA:41,1
DA:45,2
DA:46,2
DA:47,0
DA:49,2
DA:50,1
DA:53,1
DA:65,1
DA:76,20
DA:77,2
DA:78,2
DA:80,2
DA:81,2
DA:82,2
DA:84,2
DA:85,1
DA:87,1
DA:90,2
DA:91,2
DA:101,2
DA:102,1
DA:103,1
DA:104,1
DA:105,1
DA:107,1
DA:113,0
DA:114,0
DA:115,0
DA:116,0
DA:117,0
DA:122,0
DA:126,1
DA:127,1
DA:128,1
DA:134,0
DA:136,0
DA:137,0
DA:141,0
DA:142,0
DA:144,0
DA:146,2
DA:155,20
DA:156,3
DA:157,3
DA:159,3
DA:160,0
DA:163,3
DA:164,3
DA:165,0
DA:168,3
DA:169,3
DA:170,1
DA:174,2
DA:176,2
DA:177,1
DA:178,1
DA:184,1
DA:194,1
DA:198,1
DA:200,1
DA:212,20
DA:213,3
DA:214,3
DA:216,3
DA:218,3
DA:219,1
DA:223,2
DA:224,1
DA:227,1
DA:228,1
DA:229,1
DA:231,1
DA:232,1
DA:233,1
DA:235,1
DA:237,1
DA:248,20
DA:249,3
DA:250,3
DA:252,3
DA:253,1
DA:258,2
DA:262,0
DA:265,2
DA:266,1
DA:268,1
DA:269,0
DA:272,1
DA:274,1
DA:275,1
DA:277,1
DA:280,1
DA:281,1
DA:282,1
DA:283,1
DA:285,1
DA:294,1
DA:301,1
DA:312,20
DA:313,3
DA:314,3
DA:316,3
DA:321,3
DA:322,1
DA:324,2
DA:325,1
DA:329,1
DA:330,1
DA:331,1
DA:332,1
DA:334,1
DA:345,20
DA:346,3
DA:347,3
DA:348,3
DA:350,3
DA:351,1
DA:354,2
DA:356,2
DA:357,0
DA:359,2
DA:360,0
DA:362,2
DA:363,0
DA:367,2
DA:369,2
DA:371,1
DA:375,1
DA:378,1
DA:382,1
DA:391,20
DA:392,4
DA:393,4
DA:395,4
DA:396,4
DA:397,1
DA:401,3
DA:402,2
DA:403,2
DA:406,1
DA:410,3
DA:416,3
DA:417,1
DA:420,2
DA:433,20
DA:434,4
DA:435,4
DA:437,4
DA:438,1
DA:440,3
DA:441,1
DA:443,2
DA:444,1
DA:447,1
DA:449,1
DA:460,20
DA:461,4
DA:462,4
DA:464,4
DA:465,1
DA:468,3
DA:469,3
DA:470,0
DA:473,3
DA:474,1
DA:477,2
DA:478,2
DA:479,1
DA:482,1
DA:483,1
DA:484,0
DA:488,1
DA:489,1
DA:490,1
DA:491,1
DA:494,1
DA:495,1
DA:497,1
DA:504,20
DA:505,6
DA:506,6
DA:507,6
DA:508,6
DA:509,6
DA:510,2
DA:512,4
DA:515,6
DA:516,6
DA:517,6
DA:519,6
DA:520,6
DA:521,5
DA:522,4
DA:523,3
DA:525,2
DA:526,2
DA:528,2
DA:540,1
DA:541,1
DA:543,1
DA:545,1
DA:550,5
DA:552,5
DA:553,1
DA:554,1
DA:555,1
DA:556,1
DA:557,1
DA:558,1
DA:560,1
DA:561,1
DA:563,1
DA:575,1
DA:576,1
DA:578,1
DA:583,4
DA:585,6
DA:594,20
DA:595,3
DA:597,3
DA:603,3
DA:604,1
DA:607,2
DA:608,2
DA:609,2
DA:610,2
DA:611,2
DA:613,2
DA:616,4
DA:617,2
DA:620,2
DA:621,4
DA:624,2
DA:625,2
DA:626,1
DA:633,1
DA:634,0
DA:639,2
DA:640,2
DA:641,0
DA:644,2
DA:647,2
DA:648,2
DA:650,2
DA:651,2
DA:652,2
DA:653,2
DA:655,2
DA:658,2
DA:659,2
DA:661,2
DA:662,4
DA:663,4
DA:665,4
DA:666,0
DA:671,0
DA:675,4
DA:687,4
DA:695,2
DA:696,2
DA:697,2
DA:700,2
DA:701,2
DA:702,4
DA:703,4
DA:705,4
DA:706,2
DA:709,4
DA:710,1
DA:711,1
DA:713,3
DA:714,3
DA:715,3
DA:716,3
DA:721,2
DA:722,2
DA:725,0
DA:727,0
DA:728,0
DA:729,0
DA:730,0
DA:731,0
DA:737,2
DA:738,2
DA:741,2
DA:742,0
DA:747,2
DA:748,2
DA:754,2
DA:755,4
DA:756,3
DA:758,2
DA:761,4
DA:762,4
DA:765,2
DA:766,2
DA:768,2
DA:785,20
DA:786,3
DA:787,3
DA:789,3
DA:790,1
DA:793,2
DA:794,0
DA:797,2
DA:798,1
DA:799,1
DA:800,1
DA:805,1
DA:812,1
DA:813,1
DA:814,1
DA:815,1
DA:816,1
DA:820,1
DA:830,20
DA:831,2
DA:832,2
DA:834,2
DA:835,1
DA:838,1
DA:839,1
DA:840,1
DA:841,1
DA:843,1
DA:850,1
DA:860,20
DA:861,1
DA:862,1
DA:864,1
DA:865,1
DA:866,1
DA:868,1
DA:873,1
DA:884,20
DA:885,1
DA:887,1
DA:891,1
DA:902,20
DA:903,3
DA:904,3
DA:906,3
DA:907,0
DA:910,3
DA:911,3
DA:912,1
DA:915,2
DA:916,2
DA:917,1
DA:922,1
DA:929,1
DA:937,20
DA:938,2
DA:939,2
DA:941,2
DA:943,2
DA:944,1
DA:947,1
DA:955,20
DA:956,1
DA:957,1
DA:958,1
DA:966,20
DA:967,5
DA:970,5
DA:972,3
DA:973,1
DA:975,2
DA:976,1
DA:977,0
DA:979,1
DA:980,1
DA:981,1
DA:982,0
DA:987,3
DA:993,3
DA:994,3
DA:995,2
DA:1004,2
DA:1008,3
DA:1009,3
DA:1010,3
DA:1011,3
DA:1012,3
DA:1020,3
LF:394
LH:357
BRDA:31,0,0,1
BRDA:31,0,1,4
BRDA:37,1,0,1
BRDA:37,1,1,3
BRDA:40,2,0,1
BRDA:40,2,1,2
BRDA:46,3,0,0
BRDA:46,3,1,2
BRDA:49,4,0,1
BRDA:49,4,1,1
BRDA:96,5,0,2
BRDA:96,5,1,0
BRDA:97,6,0,2
BRDA:97,6,1,0
BRDA:98,7,0,0
BRDA:98,7,1,2
BRDA:101,8,0,1
BRDA:101,8,1,1
BRDA:113,9,0,0
BRDA:113,9,1,0
BRDA:113,10,0,0
BRDA:113,10,1,0
BRDA:136,11,0,0
BRDA:136,11,1,0
BRDA:136,12,0,0
BRDA:136,12,1,0
BRDA:141,13,0,0
BRDA:141,13,1,0
BRDA:159,14,0,0
BRDA:159,14,1,3
BRDA:164,15,0,0
BRDA:164,15,1,3
BRDA:169,16,0,1
BRDA:169,16,1,2
BRDA:176,17,0,1
BRDA:176,17,1,1
BRDA:177,18,0,1
BRDA:177,18,1,0
BRDA:218,19,0,1
BRDA:218,19,1,2
BRDA:223,20,0,1
BRDA:223,20,1,1
BRDA:228,21,0,1
BRDA:228,21,1,0
BRDA:229,22,0,1
BRDA:229,22,1,0
BRDA:252,23,0,1
BRDA:252,23,1,2
BRDA:258,24,0,0
BRDA:258,24,1,2
BRDA:259,25,0,2
BRDA:259,25,1,0
BRDA:265,26,0,1
BRDA:265,26,1,1
BRDA:268,27,0,0
BRDA:268,27,1,1
BRDA:275,28,0,1
BRDA:275,28,1,0
BRDA:282,29,0,1
BRDA:282,29,1,0
BRDA:283,30,0,1
BRDA:283,30,1,0
BRDA:283,31,0,1
BRDA:283,31,1,1
BRDA:321,32,0,1
BRDA:321,32,1,2
BRDA:324,33,0,1
BRDA:324,33,1,1
BRDA:350,34,0,1
BRDA:350,34,1,2
BRDA:350,35,0,3
BRDA:350,35,1,2
BRDA:350,35,2,0
BRDA:356,36,0,0
BRDA:356,36,1,2
BRDA:359,37,0,0
BRDA:359,37,1,2
BRDA:362,38,0,0
BRDA:362,38,1,2
BRDA:369,39,0,1
BRDA:369,39,1,1
BRDA:396,40,0,1
BRDA:396,40,1,3
BRDA:401,41,0,2
BRDA:401,41,1,1
BRDA:403,42,0,1
BRDA:403,42,1,1
BRDA:416,43,0,1
BRDA:416,43,1,2
BRDA:437,44,0,1
BRDA:437,44,1,3
BRDA:440,45,0,1
BRDA:440,45,1,2
BRDA:443,46,0,1
BRDA:443,46,1,1
BRDA:464,47,0,1
BRDA:464,47,1,3
BRDA:469,48,0,0
BRDA:469,48,1,3
BRDA:473,49,0,1
BRDA:473,49,1,2
BRDA:478,50,0,1
BRDA:478,50,1,1
BRDA:483,51,0,0
BRDA:483,51,1,1
BRDA:483,52,0,1
BRDA:483,52,1,1
BRDA:517,53,0,2
BRDA:517,53,1,4
BRDA:519,54,0,0
BRDA:519,54,1,6
BRDA:520,55,0,1
BRDA:520,55,1,5
BRDA:521,56,0,1
BRDA:521,56,1,4
BRDA:522,57,0,1
BRDA:522,57,1,3
BRDA:523,58,0,1
BRDA:523,58,1,2
BRDA:538,59,0,2
BRDA:538,59,1,0
BRDA:541,60,0,1
BRDA:541,60,1,0
BRDA:543,61,0,1
BRDA:543,61,1,0
BRDA:545,62,0,0
BRDA:545,62,1,1
BRDA:546,63,0,0
BRDA:546,63,1,1
BRDA:552,64,0,1
BRDA:552,64,1,4
BRDA:552,65,0,5
BRDA:552,65,1,4
BRDA:554,66,0,0
BRDA:554,66,1,1
BRDA:555,67,0,0
BRDA:555,67,1,1
BRDA:556,68,0,0
BRDA:556,68,1,1
BRDA:557,69,0,0
BRDA:557,69,1,1
BRDA:558,70,0,0
BRDA:558,70,1,1
BRDA:578,71,0,1
BRDA:578,71,1,0
BRDA:579,72,0,1
BRDA:579,72,1,0
BRDA:603,73,0,1
BRDA:603,73,1,2
BRDA:608,74,0,2
BRDA:608,74,1,2
BRDA:625,75,0,1
BRDA:625,75,1,1
BRDA:633,76,0,0
BRDA:633,76,1,1
BRDA:665,77,0,0
BRDA:665,77,1,4
BRDA:695,78,0,2
BRDA:695,78,1,0
BRDA:703,79,0,4
BRDA:703,79,1,0
BRDA:709,80,0,1
BRDA:709,80,1,3
BRDA:728,81,0,0
BRDA:728,81,1,0
BRDA:741,82,0,0
BRDA:741,82,1,2
BRDA:747,83,0,2
BRDA:747,83,1,0
BRDA:789,84,0,1
BRDA:789,84,1,2
BRDA:789,85,0,3
BRDA:789,85,1,3
BRDA:793,86,0,0
BRDA:793,86,1,2
BRDA:797,87,0,1
BRDA:797,87,1,1
BRDA:799,88,0,1
BRDA:799,88,1,0
BRDA:814,89,0,1
BRDA:814,89,1,0
BRDA:815,90,0,1
BRDA:815,90,1,0
BRDA:815,91,0,1
BRDA:815,91,1,1
BRDA:834,92,0,1
BRDA:834,92,1,1
BRDA:834,93,0,2
BRDA:834,93,1,2
BRDA:834,93,2,2
BRDA:840,94,0,1
BRDA:840,94,1,0
BRDA:841,95,0,1
BRDA:841,95,1,0
BRDA:841,96,0,1
BRDA:841,96,1,1
BRDA:845,97,0,1
BRDA:845,97,1,0
BRDA:864,98,0,1
BRDA:864,98,1,0
BRDA:865,99,0,1
BRDA:865,99,1,0
BRDA:866,100,0,1
BRDA:866,100,1,0
BRDA:906,101,0,0
BRDA:906,101,1,3
BRDA:911,102,0,1
BRDA:911,102,1,2
BRDA:916,103,0,1
BRDA:916,103,1,1
BRDA:943,104,0,1
BRDA:943,104,1,1
BRDA:970,105,0,3
BRDA:970,105,1,2
BRDA:972,106,0,1
BRDA:972,106,1,2
BRDA:972,107,0,3
BRDA:972,107,1,1
BRDA:976,108,0,0
BRDA:976,108,1,1
BRDA:981,109,0,0
BRDA:981,109,1,1
BRDA:993,110,0,2
BRDA:993,110,1,1
BRDA:1010,111,0,3
BRDA:1010,111,1,0
BRDA:1011,112,0,3
BRDA:1011,112,1,0
BRDA:1011,113,0,3
BRDA:1011,113,1,3
BRF:230
BRH:163
end_of_record
TN:
SF:controllers/featureFlagController.js
FN:11,(anonymous_0)
FN:21,(anonymous_1)
FNF:2
FNH:2
FNDA:3,(anonymous_0)
FNDA:7,(anonymous_1)
DA:11,2
DA:12,3
DA:13,2
DA:21,2
DA:22,7
DA:24,7
DA:25,1
DA:28,6
DA:29,1
DA:32,5
DA:33,5
DA:36,4
DA:38,4
LF:13
LH:13
BRDA:24,0,0,1
BRDA:24,0,1,6
BRDA:28,1,0,1
BRDA:28,1,1,5
BRDA:28,2,0,6
BRDA:28,2,1,2
BRDA:39,3,0,3
BRDA:39,3,1,1
BRF:8
BRH:8
end_of_record
TN:
SF:controllers/googleDriveController.js
FN:17,(anonymous_0)
FN:37,(anonymous_1)
FN:63,(anonymous_2)
FN:88,(anonymous_3)
FN:110,(anonymous_4)
FN:126,(anonymous_5)
FN:150,(anonymous_6)
FN:166,(anonymous_7)
FN:192,(anonymous_8)
FN:280,(anonymous_9)
FNF:10
FNH:10
FNDA:2,(anonymous_0)
FNDA:3,(anonymous_1)
FNDA:1,(anonymous_2)
FNDA:1,(anonymous_3)
FNDA:1,(anonymous_4)
FNDA:1,(anonymous_5)
FNDA:1,(anonymous_6)
FNDA:3,(anonymous_7)
FNDA:2,(anonymous_8)
FNDA:3,(anonymous_9)
DA:17,8
DA:19,2
DA:24,2
DA:25,1
DA:28,1
DA:30,1
DA:37,8
DA:38,3
DA:40,3
DA:41,1
DA:44,2
DA:45,1
DA:48,1
DA:49,1
DA:52,1
DA:54,0
DA:55,0
DA:63,8
DA:65,1
DA:70,1
DA:71,0
DA:75,1
DA:76,1
DA:77,1
DA:78,1
DA:79,1
DA:81,1
DA:88,8
DA:89,1
DA:92,1
DA:93,0
DA:96,1
DA:97,0
DA:101,1
DA:103,1
DA:110,8
DA:111,1
DA:113,1
DA:114,0
DA:117,1
DA:119,1
DA:126,8
DA:127,1
DA:129,1
DA:130,0
DA:134,1
DA:136,1
DA:137,1
DA:138,0
DA:141,1
DA:143,1
DA:150,8
DA:151,1
DA:159,1
DA:166,8
DA:167,3
DA:169,3
DA:170,0
DA:174,3
DA:175,3
DA:176,3
DA:179,3
DA:180,3
DA:181,1
DA:185,2
DA:190,2
DA:191,2
DA:192,2
DA:194,2
DA:195,1
DA:198,1
DA:209,1
DA:210,1
DA:211,1
DA:214,1
DA:215,1
DA:219,1
DA:223,1
DA:224,1
DA:230,1
DA:234,1
DA:235,1
DA:236,1
DA:239,1
DA:253,1
DA:254,1
DA:256,1
DA:266,1
DA:273,1
DA:280,8
DA:281,3
DA:284,3
DA:289,3
DA:291,3
DA:293,1
DA:297,2
DA:299,1
DA:302,1
DA:304,1
DA:307,3
LF:100
LH:91
BRDA:24,0,0,1
BRDA:24,0,1,1
BRDA:24,1,0,2
BRDA:24,1,1,2
BRDA:40,2,0,1
BRDA:40,2,1,2
BRDA:44,3,0,1
BRDA:44,3,1,1
BRDA:52,4,0,1
BRDA:52,4,1,0
BRDA:55,5,0,0
BRDA:55,5,1,0
BRDA:70,6,0,0
BRDA:70,6,1,1
BRDA:70,7,0,1
BRDA:70,7,1,1
BRDA:92,8,0,0
BRDA:92,8,1,1
BRDA:92,9,0,1
BRDA:92,9,1,1
BRDA:92,9,2,1
BRDA:96,10,0,0
BRDA:96,10,1,1
BRDA:96,11,0,1
BRDA:96,11,1,1
BRDA:113,12,0,0
BRDA:113,12,1,1
BRDA:113,13,0,1
BRDA:113,13,1,1
BRDA:113,13,2,1
BRDA:129,14,0,0
BRDA:129,14,1,1
BRDA:129,15,0,1
BRDA:129,15,1,1
BRDA:129,15,2,1
BRDA:129,15,3,1
BRDA:137,16,0,0
BRDA:137,16,1,1
BRDA:156,17,0,1
BRDA:156,17,1,0
BRDA:167,18,0,3
BRDA:167,19,0,3
BRDA:167,20,0,3
BRDA:169,21,0,0
BRDA:169,21,1,3
BRDA:180,22,0,1
BRDA:180,22,1,2
BRDA:190,23,0,2
BRDA:190,23,1,2
BRDA:191,24,0,2
BRDA:191,24,1,0
BRDA:191,24,2,0
BRDA:192,25,0,2
BRDA:192,25,1,2
BRDA:192,25,2,2
BRDA:194,26,0,1
BRDA:194,26,1,1
BRDA:194,27,0,2
BRDA:194,27,1,1
BRDA:214,28,0,1
BRDA:214,28,1,0
BRDA:223,29,0,1
BRDA:223,29,1,0
BRDA:234,30,0,1
BRDA:234,30,1,0
BRDA:253,31,0,1
BRDA:253,31,1,0
BRDA:254,32,0,0
BRDA:254,32,1,1
BRDA:289,33,0,3
BRDA:289,33,1,2
BRDA:291,34,0,1
BRDA:291,34,1,2
BRDA:297,35,0,1
BRDA:297,35,1,1
BRDA:297,36,0,2
BRDA:297,36,1,1
BRDA:302,37,0,1
BRDA:302,37,1,0
BRF:79
BRH:60
end_of_record
TN:
SF:controllers/gradeScaleController.js
FN:24,(anonymous_0)
FN:57,(anonymous_1)
FN:134,(anonymous_2)
FN:145,(anonymous_3)
FN:168,(anonymous_4)
FN:182,(anonymous_5)
FN:185,(anonymous_6)
FN:187,(anonymous_7)
FN:205,(anonymous_8)
FN:222,(anonymous_9)
FN:247,(anonymous_10)
FN:254,(anonymous_11)
FN:265,(anonymous_12)
FN:267,(anonymous_13)
FN:270,(anonymous_14)
FN:282,(anonymous_15)
FNF:16
FNH:0
FNDA:0,(anonymous_0)
FNDA:0,(anonymous_1)
FNDA:0,(anonymous_2)
FNDA:0,(anonymous_3)
FNDA:0,(anonymous_4)
FNDA:0,(anonymous_5)
FNDA:0,(anonymous_6)
FNDA:0,(anonymous_7)
FNDA:0,(anonymous_8)
FNDA:0,(anonymous_9)
FNDA:0,(anonymous_10)
FNDA:0,(anonymous_11)
FNDA:0,(anonymous_12)
FNDA:0,(anonymous_13)
FNDA:0,(anonymous_14)
FNDA:0,(anonymous_15)
DA:24,6
DA:25,0
DA:26,0
DA:28,0
DA:29,0
DA:32,0
DA:33,0
DA:36,0
DA:37,0
DA:39,0
DA:45,0
DA:57,6
DA:58,0
DA:59,0
DA:60,0
DA:62,0
DA:64,0
DA:65,0
DA:68,0
DA:71,0
DA:72,0
DA:73,0
DA:76,0
DA:77,0
DA:81,0
DA:82,0
DA:83,0
DA:86,0
DA:87,0
DA:88,0
DA:91,0
DA:92,0
DA:100,0
DA:101,0
DA:107,0
DA:114,0
DA:120,0
DA:125,0
DA:134,6
DA:135,0
DA:137,0
DA:145,6
DA:146,0
DA:148,0
DA:149,0
DA:153,0
DA:154,0
DA:155,0
DA:158,0
DA:160,0
DA:168,6
DA:169,0
DA:171,0
DA:172,0
DA:176,0
DA:177,0
DA:178,0
DA:182,0
DA:185,0
DA:186,0
DA:187,0
DA:189,0
DA:204,0
DA:205,0
DA:206,0
DA:207,0
DA:210,0
DA:222,6
DA:223,0
DA:224,0
DA:225,0
DA:227,0
DA:228,0
DA:231,0
DA:232,0
DA:236,0
DA:238,0
DA:239,0
DA:240,0
DA:242,0
DA:246,0
DA:247,0
DA:250,0
DA:251,0
DA:254,0
DA:255,0
DA:265,0
DA:266,0
DA:267,0
DA:268,0
DA:269,0
DA:270,0
DA:272,0
DA:273,0
DA:274,0
DA:282,0
DA:283,0
DA:284,0
DA:288,0
DA:296,0
LF:100
LH:6
BRDA:32,0,0,0
BRDA:32,0,1,0
BRDA:32,1,0,0
BRDA:32,1,1,0
BRDA:64,2,0,0
BRDA:64,2,1,0
BRDA:72,3,0,0
BRDA:72,3,1,0
BRDA:76,4,0,0
BRDA:76,4,1,0
BRDA:76,5,0,0
BRDA:76,5,1,0
BRDA:81,6,0,0
BRDA:81,6,1,0
BRDA:82,7,0,0
BRDA:82,7,1,0
BRDA:82,8,0,0
BRDA:82,8,1,0
BRDA:87,9,0,0
BRDA:87,9,1,0
BRDA:91,10,0,0
BRDA:91,10,1,0
BRDA:148,11,0,0
BRDA:148,11,1,0
BRDA:154,12,0,0
BRDA:154,12,1,0
BRDA:169,13,0,0
BRDA:171,14,0,0
BRDA:171,14,1,0
BRDA:177,15,0,0
BRDA:177,15,1,0
BRDA:187,16,0,0
BRDA:187,16,1,0
BRDA:191,17,0,0
BRDA:191,17,1,0
BRDA:194,18,0,0
BRDA:194,18,1,0
BRDA:207,19,0,0
BRDA:207,19,1,0
BRDA:231,20,0,0
BRDA:231,20,1,0
BRDA:231,21,0,0
BRDA:231,21,1,0
BRDA:239,22,0,0
BRDA:239,22,1,0
BRDA:240,23,0,0
BRDA:240,23,1,0
BRDA:266,24,0,0
BRDA:266,24,1,0
BRDA:266,25,0,0
BRDA:266,25,1,0
BRDA:268,26,0,0
BRDA:268,26,1,0
BRDA:270,27,0,0
BRDA:270,27,1,0
BRDA:272,28,0,0
BRDA:272,28,1,0
BRDA:283,29,0,0
BRDA:283,29,1,0
BRF:59
BRH:0
end_of_record
TN:
SF:controllers/mainSuperAdminController.js
FN:7,getOnlineOfflineCounts
FN:13,(anonymous_1)
FN:18,(anonymous_2)
FN:24,(anonymous_3)
FN:25,(anonymous_4)
FN:26,(anonymous_5)
FN:27,(anonymous_6)
FN:28,(anonymous_7)
FN:32,(anonymous_8)
FNF:9
FNH:0
FNDA:0,getOnlineOfflineCounts
FNDA:0,(anonymous_1)
FNDA:0,(anonymous_2)
FNDA:0,(anonymous_3)
FNDA:0,(anonymous_4)
FNDA:0,(anonymous_5)
FNDA:0,(anonymous_6)
FNDA:0,(anonymous_7)
FNDA:0,(anonymous_8)
DA:10,0
DA:13,6
DA:14,0
DA:17,0
DA:18,0
DA:21,0
DA:24,0
DA:25,0
DA:26,0
DA:27,0
DA:28,0
DA:29,0
DA:32,0
DA:34,0
LF:14
LH:1
BRF:0
BRH:0
end_of_record
TN:
SF:controllers/notificationController.js
FN:7,(anonymous_0)
FN:17,(anonymous_1)
FN:28,(anonymous_2)
FNF:3
FNH:3
FNDA:2,(anonymous_0)
FNDA:4,(anonymous_1)
FNDA:3,(anonymous_2)
DA:7,7
DA:8,2
DA:9,2
DA:13,1
DA:17,7
DA:18,4
DA:19,3
DA:20,2
DA:22,1
DA:23,1
DA:24,1
DA:28,7
DA:29,3
DA:31,3
DA:32,1
DA:33,1
DA:36,2
DA:41,2
DA:43,2
DA:44,0
DA:45,0
DA:47,2
DA:48,1
DA:50,1
DA:51,1
DA:52,1
LF:26
LH:24
BRDA:19,0,0,1
BRDA:19,0,1,2
BRDA:20,1,0,1
BRDA:20,1,1,1
BRDA:31,2,0,1
BRDA:31,2,1,2
BRDA:31,3,0,3
BRDA:31,3,1,3
BRDA:31,3,2,2
BRDA:43,4,0,0
BRDA:43,4,1,2
BRF:11
BRH:10
end_of_record
TN:
SF:controllers/predictiveAnalyticsController.js
FN:20,(anonymous_0)
FN:90,(anonymous_1)
FN:125,(anonymous_2)
FN:126,(anonymous_3)
FN:127,(anonymous_4)
FN:128,(anonymous_5)
FN:129,(anonymous_6)
FN:151,(anonymous_7)
FN:185,(anonymous_8)
FN:187,(anonymous_9)
FN:194,(anonymous_10)
FN:200,(anonymous_11)
FN:201,(anonymous_12)
FN:203,(anonymous_13)
FN:206,(anonymous_14)
FN:207,(anonymous_15)
FN:208,(anonymous_16)
FN:209,(anonymous_17)
FN:230,(anonymous_18)
FN:255,(anonymous_19)
FN:294,(anonymous_20)
FN:319,(anonymous_21)
FN:348,(anonymous_22)
FN:351,(anonymous_23)
FN:357,(anonymous_24)
FN:368,(anonymous_25)
FN:402,(anonymous_26)
FNF:27
FNH:0
FNDA:0,(anonymous_0)
FNDA:0,(anonymous_1)
FNDA:0,(anonymous_2)
FNDA:0,(anonymous_3)
FNDA:0,(anonymous_4)
FNDA:0,(anonymous_5)
FNDA:0,(anonymous_6)
FNDA:0,(anonymous_7)
FNDA:0,(anonymous_8)
FNDA:0,(anonymous_9)
FNDA:0,(anonymous_10)
FNDA:0,(anonymous_11)
FNDA:0,(anonymous_12)
FNDA:0,(anonymous_13)
FNDA:0,(anonymous_14)
FNDA:0,(anonymous_15)
FNDA:0,(anonymous_16)
FNDA:0,(anonymous_17)
FNDA:0,(anonymous_18)
FNDA:0,(anonymous_19)
FNDA:0,(anonymous_20)
FNDA:0,(anonymous_21)
FNDA:0,(anonymous_22)
FNDA:0,(anonymous_23)
FNDA:0,(anonymous_24)
FNDA:0,(anonymous_25)
FNDA:0,(anonymous_26)
DA:20,0
DA:21,0
DA:22,0
DA:24,0
DA:25,0
DA:29,0
DA:30,0
DA:32,0
DA:33,0
DA:36,0
DA:38,0
DA:41,0
DA:42,0
DA:46,0
DA:47,0
DA:51,0
DA:55,0
DA:56,0
DA:60,0
DA:61,0
DA:64,0
DA:65,0
DA:69,0
DA:72,0
DA:78,0
DA:90,0
DA:91,0
DA:92,0
DA:94,0
DA:95,0
DA:99,0
DA:100,0
DA:101,0
DA:105,0
DA:107,0
DA:108,0
DA:112,0
DA:113,0
DA:115,0
DA:116,0
DA:120,0
DA:123,0
DA:125,0
DA:126,0
DA:127,0
DA:128,0
DA:129,0
DA:132,0
DA:151,0
DA:152,0
DA:154,0
DA:155,0
DA:159,0
DA:161,0
DA:162,0
DA:165,0
DA:166,0
DA:170,0
DA:172,0
DA:173,0
DA:176,0
DA:177,0
DA:179,0
DA:181,0
DA:185,0
DA:187,0
DA:193,0
DA:194,0
DA:198,0
DA:200,0
DA:201,0
DA:203,0
DA:206,0
DA:207,0
DA:208,0
DA:209,0
DA:213,0
DA:230,0
DA:231,0
DA:235,0
DA:237,0
DA:238,0
DA:241,0
DA:243,0
DA:255,0
DA:256,0
DA:258,0
DA:259,0
DA:264,0
DA:282,0
DA:294,0
DA:295,0
DA:296,0
DA:298,0
DA:299,0
DA:303,0
DA:306,0
DA:319,0
DA:320,0
DA:321,0
DA:322,0
DA:323,0
DA:325,0
DA:330,0
DA:331,0
DA:332,0
DA:333,0
DA:335,0
DA:338,0
DA:348,0
DA:349,0
DA:351,0
DA:352,0
DA:357,0
DA:362,0
DA:368,0
DA:369,0
DA:370,0
DA:372,0
DA:373,0
DA:377,0
DA:381,0
DA:385,0
DA:386,0
DA:390,0
DA:396,0
DA:402,0
DA:403,0
DA:405,0
DA:406,0
DA:413,0
DA:414,0
DA:421,0
DA:422,0
DA:429,0
LF:135
LH:0
BRDA:24,0,0,0
BRDA:24,0,1,0
BRDA:32,1,0,0
BRDA:32,1,1,0
BRDA:38,2,0,0
BRDA:38,2,1,0
BRDA:38,2,2,0
BRDA:38,2,3,0
BRDA:38,2,4,0
BRDA:38,2,5,0
BRDA:38,2,6,0
BRDA:64,3,0,0
BRDA:64,3,1,0
BRDA:94,4,0,0
BRDA:94,4,1,0
BRDA:100,5,0,0
BRDA:100,5,1,0
BRDA:107,6,0,0
BRDA:107,6,1,0
BRDA:112,7,0,0
BRDA:112,7,1,0
BRDA:115,8,0,0
BRDA:115,8,1,0
BRDA:154,9,0,0
BRDA:154,9,1,0
BRDA:154,10,0,0
BRDA:154,10,1,0
BRDA:161,11,0,0
BRDA:161,11,1,0
BRDA:165,12,0,0
BRDA:165,12,1,0
BRDA:165,13,0,0
BRDA:165,13,1,0
BRDA:186,14,0,0
BRDA:186,14,1,0
BRDA:202,15,0,0
BRDA:202,15,1,0
BRDA:237,16,0,0
BRDA:237,16,1,0
BRDA:258,17,0,0
BRDA:258,17,1,0
BRDA:298,18,0,0
BRDA:298,18,1,0
BRDA:320,19,0,0
BRDA:320,19,1,0
BRDA:322,20,0,0
BRDA:322,20,1,0
BRDA:330,21,0,0
BRDA:330,21,1,0
BRDA:332,22,0,0
BRDA:332,22,1,0
BRDA:355,23,0,0
BRDA:355,23,1,0
BRDA:372,24,0,0
BRDA:372,24,1,0
BRDA:385,25,0,0
BRDA:385,25,1,0
BRDA:405,26,0,0
BRDA:405,26,1,0
BRDA:413,27,0,0
BRDA:413,27,1,0
BRDA:421,28,0,0
BRDA:421,28,1,0
BRF:63
BRH:0
end_of_record
TN:
SF:controllers/publicController.js
FN:12,(anonymous_0)
FNF:1
FNH:1
FNDA:7,(anonymous_0)
DA:12,7
DA:13,7
DA:15,7
DA:17,6
DA:18,1
DA:21,5
DA:22,1
DA:26,4
DA:27,3
DA:31,3
DA:44,2
DA:51,1
LF:12
LH:12
BRDA:17,0,0,1
BRDA:17,0,1,5
BRDA:21,1,0,1
BRDA:21,1,1,4
BRDA:26,2,0,3
BRDA:26,2,1,1
BRF:6
BRH:6
end_of_record
TN:
SF:controllers/resultController.js
FN:7,(anonymous_0)
FN:49,(anonymous_1)
FN:82,(anonymous_2)
FN:91,(anonymous_3)
FN:111,(anonymous_4)
FN:112,(anonymous_5)
FN:112,(anonymous_6)
FN:194,(anonymous_7)
FN:237,(anonymous_8)
FN:273,(anonymous_9)
FN:274,(anonymous_10)
FN:281,(anonymous_11)
FN:291,(anonymous_12)
FN:305,(anonymous_13)
FN:353,(anonymous_14)
FN:381,(anonymous_15)
FN:410,(anonymous_16)
FN:424,(anonymous_17)
FN:455,(anonymous_18)
FN:501,(anonymous_19)
FNF:20
FNH:18
FNDA:2,(anonymous_0)
FNDA:2,(anonymous_1)
FNDA:1,(anonymous_2)
FNDA:0,(anonymous_3)
FNDA:7,(anonymous_4)
FNDA:7,(anonymous_5)
FNDA:7,(anonymous_6)
FNDA:8,(anonymous_7)
FNDA:4,(anonymous_8)
FNDA:3,(anonymous_9)
FNDA:3,(anonymous_10)
FNDA:0,(anonymous_11)
FNDA:2,(anonymous_12)
FNDA:3,(anonymous_13)
FNDA:3,(anonymous_14)
FNDA:4,(anonymous_15)
FNDA:1,(anonymous_16)
FNDA:4,(anonymous_17)
FNDA:7,(anonymous_18)
FNDA:6,(anonymous_19)
DA:7,11
DA:8,2
DA:9,1
DA:11,1
DA:12,1
DA:13,1
DA:14,1
DA:15,2
DA:16,2
DA:17,1
DA:18,1
DA:20,1
DA:36,1
DA:38,0
DA:41,1
DA:49,11
DA:50,2
DA:51,2
DA:61,2
DA:62,2
DA:63,2
DA:64,2
DA:82,11
DA:83,1
DA:88,1
DA:89,1
DA:91,1
DA:92,0
DA:93,0
DA:94,0
DA:96,0
DA:97,0
DA:100,1
DA:111,11
DA:112,7
DA:113,7
DA:114,7
DA:118,7
DA:120,7
DA:129,7
DA:133,7
DA:135,7
DA:136,1
DA:137,0
DA:139,1
DA:140,1
DA:143,6
DA:144,6
DA:147,6
DA:151,6
DA:152,6
DA:155,6
DA:156,4
DA:160,6
DA:161,36
DA:164,6
DA:166,6
DA:167,1
DA:168,1
DA:171,5
DA:172,5
DA:173,8
DA:174,8
DA:176,8
DA:178,0
DA:179,0
DA:180,0
DA:183,8
DA:186,5
DA:187,5
DA:191,7
DA:194,11
DA:195,8
DA:196,1
DA:199,7
DA:200,7
DA:201,2
DA:205,5
DA:206,5
DA:207,5
DA:209,0
DA:213,5
DA:215,5
DA:216,5
DA:217,5
DA:218,5
DA:219,5
DA:220,5
DA:223,0
DA:225,5
DA:229,5
DA:231,5
DA:232,1
DA:237,4
DA:238,4
DA:239,4
DA:240,0
DA:244,4
DA:245,1
DA:248,3
DA:249,3
DA:263,3
DA:266,0
DA:270,4
DA:272,3
DA:273,3
DA:274,3
DA:277,3
DA:281,11
DA:282,0
DA:283,0
DA:284,0
DA:285,0
DA:286,0
DA:287,0
DA:288,0
DA:291,11
DA:292,2
DA:295,2
DA:302,2
DA:305,11
DA:306,3
DA:309,3
DA:310,3
DA:311,0
DA:312,0
DA:315,3
DA:316,3
DA:317,0
DA:318,0
DA:321,3
DA:322,0
DA:323,0
DA:325,3
DA:326,0
DA:327,0
DA:331,3
DA:332,3
DA:333,2
DA:344,1
DA:345,1
DA:346,1
DA:349,3
DA:350,3
DA:353,11
DA:354,3
DA:355,3
DA:356,1
DA:357,1
DA:361,2
DA:362,1
DA:365,1
DA:366,1
DA:367,1
DA:368,1
DA:369,1
DA:370,1
DA:372,1
DA:378,1
DA:381,11
DA:382,4
DA:383,4
DA:384,1
DA:385,1
DA:388,3
DA:389,3
DA:390,1
DA:391,1
DA:394,2
DA:395,1
DA:396,1
DA:399,1
DA:400,1
DA:401,1
DA:402,1
DA:403,1
DA:404,1
DA:406,1
DA:410,11
DA:411,1
DA:412,1
DA:413,1
DA:414,1
DA:416,1
DA:417,1
DA:420,1
DA:421,1
DA:424,11
DA:426,4
DA:427,4
DA:428,1
DA:429,1
DA:432,3
DA:433,3
DA:434,3
DA:437,3
DA:439,3
DA:440,3
DA:446,3
DA:447,3
DA:455,11
DA:456,7
DA:457,7
DA:459,7
DA:460,1
DA:463,6
DA:465,6
DA:466,1
DA:470,5
DA:471,1
DA:475,4
DA:476,1
DA:478,3
DA:479,1
DA:482,2
DA:485,2
DA:486,1
DA:487,1
DA:488,1
DA:491,2
DA:493,2
DA:501,11
DA:502,6
DA:503,6
DA:505,6
DA:507,6
DA:508,1
DA:512,5
DA:513,1
DA:517,4
DA:518,1
DA:524,3
DA:525,1
DA:526,1
DA:527,2
DA:528,1
DA:529,1
DA:531,1
DA:535,2
DA:536,2
DA:537,2
DA:538,2
DA:539,2
DA:544,1
DA:545,0
DA:550,2
DA:551,2
DA:553,2
LF:248
LH:218
BRDA:8,0,0,1
BRDA:8,0,1,1
BRDA:16,1,0,1
BRDA:16,1,1,1
BRDA:16,2,0,2
BRDA:16,2,1,2
BRDA:16,2,2,1
BRDA:16,2,3,1
BRDA:16,2,4,1
BRDA:16,2,5,1
BRDA:32,3,0,1
BRDA:32,3,1,1
BRDA:92,4,0,0
BRDA:92,4,1,0
BRDA:111,5,0,0
BRDA:135,6,0,1
BRDA:135,6,1,6
BRDA:136,7,0,0
BRDA:136,7,1,1
BRDA:152,8,0,4
BRDA:152,8,1,2
BRDA:155,9,0,4
BRDA:155,9,1,2
BRDA:166,10,0,1
BRDA:166,10,1,5
BRDA:166,11,0,6
BRDA:166,11,1,6
BRDA:167,12,0,1
BRDA:167,12,1,0
BRDA:176,13,0,0
BRDA:176,13,1,8
BRDA:176,14,0,8
BRDA:176,14,1,8
BRDA:186,15,0,5
BRDA:186,15,1,0
BRDA:195,16,0,1
BRDA:195,16,1,7
BRDA:200,17,0,2
BRDA:200,17,1,5
BRDA:200,18,0,7
BRDA:200,18,1,7
BRDA:200,18,2,5
BRDA:200,18,3,5
BRDA:207,19,0,0
BRDA:207,19,1,5
BRDA:223,20,0,0
BRDA:223,20,1,0
BRDA:229,21,0,5
BRDA:229,21,1,0
BRDA:231,22,0,1
BRDA:231,22,1,4
BRDA:231,23,0,5
BRDA:231,23,1,1
BRDA:239,24,0,0
BRDA:239,24,1,4
BRDA:244,25,0,1
BRDA:244,25,1,3
BRDA:282,26,0,0
BRDA:282,26,1,0
BRDA:283,27,0,0
BRDA:283,27,1,0
BRDA:284,28,0,0
BRDA:284,28,1,0
BRDA:285,29,0,0
BRDA:285,29,1,0
BRDA:286,30,0,0
BRDA:286,30,1,0
BRDA:287,31,0,0
BRDA:287,31,1,0
BRDA:310,32,0,0
BRDA:310,32,1,3
BRDA:316,33,0,0
BRDA:316,33,1,3
BRDA:321,34,0,0
BRDA:321,34,1,3
BRDA:325,35,0,0
BRDA:325,35,1,3
BRDA:325,36,0,3
BRDA:325,36,1,3
BRDA:332,37,0,2
BRDA:332,37,1,1
BRDA:355,38,0,1
BRDA:355,38,1,2
BRDA:361,39,0,1
BRDA:361,39,1,1
BRDA:383,40,0,1
BRDA:383,40,1,3
BRDA:383,41,0,4
BRDA:383,41,1,3
BRDA:383,41,2,3
BRDA:389,42,0,1
BRDA:389,42,1,2
BRDA:394,43,0,1
BRDA:394,43,1,1
BRDA:413,44,0,1
BRDA:413,44,1,0
BRDA:414,45,0,1
BRDA:414,45,1,0
BRDA:416,46,0,1
BRDA:416,46,1,0
BRDA:427,47,0,1
BRDA:427,47,1,3
BRDA:432,48,0,3
BRDA:432,48,1,1
BRDA:433,49,0,3
BRDA:433,49,1,1
BRDA:437,50,0,0
BRDA:437,50,1,3
BRDA:459,51,0,1
BRDA:459,51,1,6
BRDA:465,52,0,1
BRDA:465,52,1,5
BRDA:470,53,0,1
BRDA:470,53,1,4
BRDA:475,54,0,1
BRDA:475,54,1,3
BRDA:475,55,0,4
BRDA:475,55,1,2
BRDA:478,56,0,1
BRDA:478,56,1,2
BRDA:478,57,0,3
BRDA:478,57,1,2
BRDA:485,58,0,1
BRDA:485,58,1,1
BRDA:487,59,0,1
BRDA:487,59,1,0
BRDA:507,60,0,1
BRDA:507,60,1,5
BRDA:512,61,0,1
BRDA:512,61,1,4
BRDA:517,62,0,1
BRDA:517,62,1,3
BRDA:524,63,0,1
BRDA:524,63,1,2
BRDA:524,64,0,3
BRDA:524,64,1,2
BRDA:527,65,0,1
BRDA:527,65,1,1
BRDA:527,66,0,2
BRDA:527,66,1,1
BRDA:535,67,0,2
BRDA:535,67,1,0
BRDA:544,68,0,0
BRDA:544,68,1,1
BRF:144
BRH:109
end_of_record
TN:
SF:controllers/schemeController.js
FN:11,(anonymous_0)
FN:47,(anonymous_1)
FN:64,(anonymous_2)
FN:82,(anonymous_3)
FN:100,(anonymous_4)
FN:117,(anonymous_5)
FN:134,(anonymous_6)
FN:137,(anonymous_7)
FNF:8
FNH:6
FNDA:2,(anonymous_0)
FNDA:3,(anonymous_1)
FNDA:4,(anonymous_2)
FNDA:4,(anonymous_3)
FNDA:3,(anonymous_4)
FNDA:4,(anonymous_5)
FNDA:0,(anonymous_6)
FNDA:0,(anonymous_7)
DA:11,8
DA:12,2
DA:13,2
DA:14,2
DA:15,2
DA:16,2
DA:17,2
DA:18,2
DA:19,1
DA:20,1
DA:22,2
DA:23,2
DA:24,2
DA:27,1
DA:28,0
DA:31,1
DA:42,1
DA:43,1
DA:47,8
DA:48,3
DA:49,3
DA:50,3
DA:51,3
DA:52,3
DA:53,3
DA:55,2
DA:56,1
DA:58,1
DA:59,1
DA:60,1
DA:64,8
DA:65,4
DA:66,4
DA:67,4
DA:68,4
DA:69,4
DA:70,3
DA:71,3
DA:73,2
DA:74,1
DA:76,1
DA:77,1
DA:78,1
DA:82,8
DA:83,4
DA:84,4
DA:85,4
DA:86,4
DA:87,4
DA:88,3
DA:89,3
DA:90,2
DA:91,2
DA:92,2
DA:94,1
DA:95,1
DA:96,1
DA:100,8
DA:101,3
DA:102,3
DA:103,3
DA:104,3
DA:105,3
DA:106,2
DA:107,1
DA:109,1
DA:110,1
DA:111,1
DA:112,1
DA:113,1
DA:117,8
DA:118,4
DA:119,4
DA:120,4
DA:121,4
DA:122,4
DA:123,3
DA:124,1
DA:126,2
DA:127,2
DA:128,1
DA:129,1
DA:130,1
DA:134,8
DA:135,0
DA:136,0
DA:137,0
DA:146,0
DA:147,0
LF:89
LH:83
BRDA:12,0,0,2
BRDA:16,1,0,1
BRDA:16,1,1,1
BRDA:18,2,0,1
BRDA:18,2,1,1
BRDA:20,3,0,0
BRDA:20,3,1,1
BRDA:23,4,0,1
BRDA:23,4,1,1
BRDA:27,5,0,0
BRDA:27,5,1,1
BRDA:39,6,0,1
BRDA:39,6,1,0
BRDA:53,7,0,1
BRDA:53,7,1,2
BRDA:55,8,0,1
BRDA:55,8,1,1
BRDA:59,9,0,0
BRDA:59,9,1,1
BRDA:68,10,0,1
BRDA:68,10,1,3
BRDA:68,11,0,4
BRDA:68,11,1,0
BRDA:71,12,0,1
BRDA:71,12,1,2
BRDA:73,13,0,1
BRDA:73,13,1,1
BRDA:83,14,0,2
BRDA:86,15,0,1
BRDA:86,15,1,3
BRDA:89,16,0,1
BRDA:89,16,1,2
BRDA:90,17,0,2
BRDA:90,17,1,0
BRDA:92,18,0,1
BRDA:92,18,1,1
BRDA:104,19,0,1
BRDA:104,19,1,2
BRDA:104,20,0,3
BRDA:104,20,1,0
BRDA:106,21,0,1
BRDA:106,21,1,1
BRDA:110,22,0,0
BRDA:110,22,1,1
BRDA:121,23,0,1
BRDA:121,23,1,3
BRDA:123,24,0,1
BRDA:123,24,1,2
BRDA:127,25,0,1
BRDA:127,25,1,1
BRDA:135,26,0,0
BRDA:139,27,0,0
BRDA:139,27,1,0
BRDA:140,28,0,0
BRDA:140,28,1,0
BRDA:142,29,0,0
BRDA:142,29,1,0
BRF:57
BRH:42
end_of_record
TN:
SF:controllers/schoolController.js
FN:13,(anonymous_0)
FN:42,(anonymous_1)
FN:54,(anonymous_2)
FN:72,(anonymous_3)
FN:97,(anonymous_4)
FN:122,(anonymous_5)
FN:160,(anonymous_6)
FN:192,(anonymous_7)
FN:211,(anonymous_8)
FN:222,(anonymous_9)
FN:233,(anonymous_10)
FN:254,(anonymous_11)
FNF:12
FNH:4
FNDA:0,(anonymous_0)
FNDA:0,(anonymous_1)
FNDA:0,(anonymous_2)
FNDA:0,(anonymous_3)
FNDA:0,(anonymous_4)
FNDA:5,(anonymous_5)
FNDA:4,(anonymous_6)
FNDA:3,(anonymous_7)
FNDA:2,(anonymous_8)
FNDA:0,(anonymous_9)
FNDA:0,(anonymous_10)
FNDA:0,(anonymous_11)
DA:13,7
DA:14,0
DA:15,0
DA:16,0
DA:19,0
DA:28,0
DA:29,0
DA:32,0
DA:34,0
DA:42,7
DA:44,0
DA:46,0
DA:54,7
DA:55,0
DA:56,0
DA:58,0
DA:59,0
DA:60,0
DA:63,0
DA:64,0
DA:65,0
DA:68,0
DA:69,0
DA:72,0
DA:73,0
DA:77,0
DA:78,0
DA:81,0
DA:82,0
DA:85,0
DA:86,0
DA:87,0
DA:89,0
DA:97,7
DA:98,0
DA:99,0
DA:102,0
DA:103,0
DA:104,0
DA:106,0
DA:109,0
DA:110,0
DA:113,0
DA:114,0
DA:122,7
DA:123,5
DA:124,5
DA:126,5
DA:127,3
DA:130,2
DA:131,2
DA:132,1
DA:135,1
DA:144,1
DA:145,1
DA:149,1
DA:150,1
DA:152,1
DA:160,7
DA:162,4
DA:163,4
DA:165,4
DA:166,1
DA:170,3
DA:171,3
DA:172,1
DA:175,3
DA:176,2
DA:179,1
DA:180,1
DA:181,1
DA:183,1
DA:184,1
DA:192,7
DA:193,3
DA:194,3
DA:196,3
DA:197,1
DA:201,2
DA:202,2
DA:203,1
DA:206,2
DA:207,1
DA:211,2
DA:212,1
DA:213,1
DA:214,1
DA:222,7
DA:225,0
DA:233,7
DA:234,0
DA:235,0
DA:237,0
DA:238,0
DA:239,0
DA:242,0
DA:243,0
DA:245,0
DA:246,0
DA:254,7
DA:255,0
DA:256,0
DA:257,0
DA:258,0
LF:104
LH:50
BRDA:15,0,0,0
BRDA:15,0,1,0
BRDA:23,1,0,0
BRDA:23,1,1,0
BRDA:24,2,0,0
BRDA:24,2,1,0
BRDA:28,3,0,0
BRDA:28,3,1,0
BRDA:59,4,0,0
BRDA:59,4,1,0
BRDA:64,5,0,0
BRDA:64,5,1,0
BRDA:68,6,0,0
BRDA:68,6,1,0
BRDA:72,7,0,0
BRDA:72,7,1,0
BRDA:77,8,0,0
BRDA:77,8,1,0
BRDA:102,9,0,0
BRDA:102,9,1,0
BRDA:102,10,0,0
BRDA:102,10,1,0
BRDA:103,11,0,0
BRDA:103,11,1,0
BRDA:126,12,0,3
BRDA:126,12,1,2
BRDA:126,13,0,5
BRDA:126,13,1,4
BRDA:126,13,2,3
BRDA:131,14,0,1
BRDA:131,14,1,1
BRDA:165,15,0,1
BRDA:165,15,1,3
BRDA:171,16,0,1
BRDA:171,16,1,2
BRDA:175,17,0,2
BRDA:175,17,1,1
BRDA:175,18,0,3
BRDA:175,18,1,2
BRDA:175,18,2,2
BRDA:180,19,0,1
BRDA:180,19,1,0
BRDA:181,20,0,1
BRDA:181,20,1,0
BRDA:196,21,0,1
BRDA:196,21,1,2
BRDA:202,22,0,1
BRDA:202,22,1,1
BRDA:206,23,0,1
BRDA:206,23,1,1
BRDA:237,24,0,0
BRDA:237,24,1,0
BRDA:238,25,0,0
BRDA:238,25,1,0
BRDA:239,26,0,0
BRDA:239,26,1,0
BRDA:242,27,0,0
BRDA:242,27,1,0
BRDA:243,28,0,0
BRDA:243,28,1,0
BRF:60
BRH:24
end_of_record
TN:
SF:controllers/schoolFeatureController.js
FN:6,(anonymous_0)
FN:26,(anonymous_1)
FN:33,(anonymous_2)
FN:41,(anonymous_3)
FNF:4
FNH:0
FNDA:0,(anonymous_0)
FNDA:0,(anonymous_1)
FNDA:0,(anonymous_2)
FNDA:0,(anonymous_3)
DA:6,6
DA:7,0
DA:8,0
DA:10,0
DA:11,0
DA:15,0
DA:26,0
DA:27,0
DA:29,0
DA:33,6
DA:34,0
DA:35,0
DA:36,0
DA:37,0
DA:41,6
DA:42,0
DA:43,0
DA:44,0
DA:45,0
DA:46,0
DA:47,0
DA:48,0
LF:22
LH:3
BRDA:11,0,0,0
BRDA:11,0,1,0
BRDA:29,1,0,0
BRDA:29,1,1,0
BRDA:36,2,0,0
BRDA:36,2,1,0
BRDA:45,3,0,0
BRDA:45,3,1,0
BRDA:48,4,0,0
BRDA:48,4,1,0
BRF:10
BRH:0
end_of_record
TN:
SF:controllers/studentController.js
FN:7,(anonymous_0)
FN:52,(anonymous_1)
FN:86,(anonymous_2)
FN:101,(anonymous_3)
FN:168,(anonymous_4)
FN:207,(anonymous_5)
FN:229,(anonymous_6)
FN:268,(anonymous_7)
FN:269,(anonymous_8)
FN:269,(anonymous_9)
FN:300,(anonymous_10)
FN:321,(anonymous_11)
FNF:12
FNH:0
FNDA:0,(anonymous_0)
FNDA:0,(anonymous_1)
FNDA:0,(anonymous_2)
FNDA:0,(anonymous_3)
FNDA:0,(anonymous_4)
FNDA:0,(anonymous_5)
FNDA:0,(anonymous_6)
FNDA:0,(anonymous_7)
FNDA:0,(anonymous_8)
FNDA:0,(anonymous_9)
FNDA:0,(anonymous_10)
FNDA:0,(anonymous_11)
DA:7,7
DA:8,0
DA:9,0
DA:11,0
DA:12,0
DA:13,0
DA:14,0
DA:15,0
DA:16,0
DA:17,0
DA:18,0
DA:19,0
DA:21,0
DA:22,0
DA:23,0
DA:24,0
DA:26,0
DA:39,0
DA:41,0
DA:44,0
DA:52,7
DA:53,0
DA:54,0
DA:55,0
DA:67,0
DA:68,0
DA:69,0
DA:70,0
DA:86,7
DA:87,0
DA:88,0
DA:89,0
DA:91,0
DA:101,7
DA:102,0
DA:114,0
DA:116,0
DA:117,0
DA:118,0
DA:121,0
DA:122,0
DA:123,0
DA:126,0
DA:127,0
DA:128,0
DA:129,0
DA:132,0
DA:133,0
DA:134,0
DA:138,0
DA:139,0
DA:140,0
DA:143,0
DA:145,0
DA:160,0
DA:168,7
DA:169,0
DA:170,0
DA:171,0
DA:172,0
DA:175,0
DA:176,0
DA:178,0
DA:179,0
DA:180,0
DA:187,0
DA:192,0
DA:194,0
DA:207,7
DA:208,0
DA:212,0
DA:213,0
DA:217,0
DA:218,0
DA:221,0
DA:229,7
DA:230,0
DA:232,0
DA:233,0
DA:234,0
DA:238,0
DA:239,0
DA:240,0
DA:244,0
DA:246,0
DA:248,0
DA:249,0
DA:250,0
DA:251,0
DA:253,0
DA:256,0
DA:259,0
DA:260,0
DA:268,7
DA:269,0
DA:270,0
DA:271,0
DA:273,0
DA:275,0
DA:276,0
DA:277,0
DA:280,0
DA:282,0
DA:283,0
DA:284,0
DA:287,0
DA:288,0
DA:289,0
DA:291,0
DA:294,0
DA:300,7
DA:301,0
DA:303,0
DA:304,0
DA:308,0
DA:309,0
DA:312,0
DA:313,0
DA:321,7
DA:322,0
DA:323,0
DA:325,0
DA:326,0
DA:328,0
DA:331,0
DA:332,0
DA:333,0
DA:337,0
DA:338,0
DA:342,0
DA:344,0
LF:131
LH:10
BRDA:8,0,0,0
BRDA:8,0,1,0
BRDA:17,1,0,0
BRDA:17,1,1,0
BRDA:17,2,0,0
BRDA:17,2,1,0
BRDA:17,2,2,0
BRDA:17,2,3,0
BRDA:17,2,4,0
BRDA:22,3,0,0
BRDA:22,3,1,0
BRDA:22,4,0,0
BRDA:22,4,1,0
BRDA:33,5,0,0
BRDA:33,5,1,0
BRDA:87,6,0,0
BRDA:87,6,1,0
BRDA:87,7,0,0
BRDA:87,7,1,0
BRDA:116,8,0,0
BRDA:116,8,1,0
BRDA:121,9,0,0
BRDA:121,9,1,0
BRDA:121,10,0,0
BRDA:121,10,1,0
BRDA:121,10,2,0
BRDA:121,10,3,0
BRDA:121,10,4,0
BRDA:127,11,0,0
BRDA:127,11,1,0
BRDA:132,12,0,0
BRDA:132,12,1,0
BRDA:138,13,0,0
BRDA:138,13,1,0
BRDA:138,14,0,0
BRDA:138,14,1,0
BRDA:143,15,0,0
BRDA:143,15,1,0
BRDA:152,16,0,0
BRDA:152,16,1,0
BRDA:169,17,0,0
BRDA:169,18,0,0
BRDA:176,19,0,0
BRDA:176,19,1,0
BRDA:178,20,0,0
BRDA:178,20,1,0
BRDA:212,21,0,0
BRDA:212,21,1,0
BRDA:217,22,0,0
BRDA:217,22,1,0
BRDA:232,23,0,0
BRDA:232,23,1,0
BRDA:238,24,0,0
BRDA:238,24,1,0
BRDA:246,25,0,0
BRDA:246,25,1,0
BRDA:248,26,0,0
BRDA:248,26,1,0
BRDA:277,27,0,0
BRDA:277,27,1,0
BRDA:280,28,0,0
BRDA:280,28,1,0
BRDA:282,29,0,0
BRDA:282,29,1,0
BRDA:282,30,0,0
BRDA:282,30,1,0
BRDA:303,31,0,0
BRDA:303,31,1,0
BRDA:308,32,0,0
BRDA:308,32,1,0
BRDA:322,33,0,0
BRDA:322,33,1,0
BRDA:326,34,0,0
BRDA:326,34,1,0
BRDA:332,35,0,0
BRDA:332,35,1,0
BRDA:337,36,0,0
BRDA:337,36,1,0
BRF:78
BRH:0
end_of_record
TN:
SF:controllers/subjectController.js
FN:11,(anonymous_0)
FN:38,(anonymous_1)
FN:71,(anonymous_2)
FN:86,(anonymous_3)
FN:124,(anonymous_4)
FNF:5
FNH:5
FNDA:3,(anonymous_0)
FNDA:1,(anonymous_1)
FNDA:2,(anonymous_2)
FNDA:4,(anonymous_3)
FNDA:2,(anonymous_4)
DA:11,7
DA:12,3
DA:13,3
DA:15,3
DA:16,0
DA:19,3
DA:20,3
DA:21,1
DA:24,2
DA:25,2
DA:26,1
DA:29,1
DA:30,1
DA:38,7
DA:39,1
DA:40,1
DA:41,1
DA:42,1
DA:44,1
DA:45,1
DA:46,0
DA:47,0
DA:50,1
DA:51,1
DA:56,1
DA:71,7
DA:72,2
DA:73,2
DA:74,2
DA:75,2
DA:76,1
DA:78,1
DA:86,7
DA:87,4
DA:88,4
DA:89,1
DA:92,3
DA:93,3
DA:94,3
DA:95,12
DA:96,4
DA:100,3
DA:101,2
DA:102,2
DA:103,2
DA:104,2
DA:105,1
DA:110,2
DA:111,1
DA:114,1
DA:115,1
DA:116,1
DA:124,7
DA:125,2
DA:126,2
DA:127,1
DA:129,1
DA:130,1
LF:58
LH:55
BRDA:15,0,0,0
BRDA:15,0,1,3
BRDA:15,1,0,3
BRDA:15,1,1,3
BRDA:20,2,0,1
BRDA:20,2,1,2
BRDA:20,3,0,3
BRDA:20,3,1,2
BRDA:20,3,2,2
BRDA:25,4,0,1
BRDA:25,4,1,1
BRDA:40,5,0,1
BRDA:40,5,1,0
BRDA:41,6,0,1
BRDA:41,6,1,0
BRDA:45,7,0,0
BRDA:45,7,1,1
BRDA:61,8,0,1
BRDA:61,8,1,0
BRDA:75,9,0,1
BRDA:75,9,1,1
BRDA:88,10,0,1
BRDA:88,10,1,3
BRDA:95,11,0,4
BRDA:95,11,1,8
BRDA:100,12,0,2
BRDA:100,12,1,1
BRDA:102,13,0,2
BRDA:102,13,1,0
BRDA:104,14,0,1
BRDA:104,14,1,1
BRDA:110,15,0,1
BRDA:110,15,1,1
BRDA:110,16,0,2
BRDA:110,16,1,1
BRDA:110,16,2,1
BRDA:126,17,0,1
BRDA:126,17,1,1
BRF:38
BRH:32
end_of_record
TN:
SF:controllers/teacherActivityController.js
FN:19,(anonymous_0)
FN:64,(anonymous_1)
FN:143,(anonymous_2)
FN:183,(anonymous_3)
FN:211,(anonymous_4)
FN:359,(anonymous_5)
FN:426,(anonymous_6)
FN:469,determinePriority
FN:475,(anonymous_8)
FN:479,(anonymous_9)
FNF:10
FNH:0
FNDA:0,(anonymous_0)
FNDA:0,(anonymous_1)
FNDA:0,(anonymous_2)
FNDA:0,(anonymous_3)
FNDA:0,(anonymous_4)
FNDA:0,(anonymous_5)
FNDA:0,(anonymous_6)
FNDA:0,determinePriority
FNDA:0,(anonymous_8)
FNDA:0,(anonymous_9)
DA:19,7
DA:20,0
DA:23,0
DA:24,0
DA:28,0
DA:33,0
DA:34,0
DA:38,0
DA:50,0
DA:52,0
DA:64,7
DA:65,0
DA:66,0
DA:69,0
DA:70,0
DA:74,0
DA:75,0
DA:76,0
DA:80,0
DA:82,0
DA:83,0
DA:86,0
DA:87,0
DA:90,0
DA:91,0
DA:95,0
DA:96,0
DA:99,0
DA:100,0
DA:101,0
DA:102,0
DA:103,0
DA:104,0
DA:105,0
DA:106,0
DA:108,0
DA:111,0
DA:112,0
DA:118,0
DA:119,0
DA:120,0
DA:122,0
DA:124,0
DA:128,0
DA:143,7
DA:144,0
DA:146,0
DA:150,0
DA:151,0
DA:155,0
DA:157,0
DA:160,0
DA:161,0
DA:171,0
DA:183,7
DA:184,0
DA:187,0
DA:189,0
DA:191,0
DA:192,0
DA:194,0
DA:197,0
DA:199,0
DA:211,7
DA:212,0
DA:214,0
DA:217,0
DA:218,0
DA:220,0
DA:222,0
DA:223,0
DA:224,0
DA:226,0
DA:230,0
DA:231,0
DA:238,0
DA:339,0
DA:341,0
DA:359,7
DA:361,0
DA:362,0
DA:365,0
DA:367,0
DA:368,0
DA:369,0
DA:370,0
DA:373,0
DA:376,0
DA:411,0
DA:426,7
DA:427,0
DA:429,0
DA:431,0
DA:432,0
DA:435,0
DA:436,0
DA:439,0
DA:440,0
DA:443,0
DA:444,0
DA:452,0
DA:453,0
DA:455,0
DA:461,0
DA:462,0
DA:470,0
DA:471,0
DA:473,0
DA:475,0
DA:476,0
DA:479,0
DA:480,0
DA:483,0
LF:113
LH:7
BRDA:23,0,0,0
BRDA:23,0,1,0
BRDA:23,1,0,0
BRDA:23,1,1,0
BRDA:23,1,2,0
BRDA:33,2,0,0
BRDA:33,2,1,0
BRDA:44,3,0,0
BRDA:44,3,1,0
BRDA:45,4,0,0
BRDA:45,4,1,0
BRDA:69,5,0,0
BRDA:69,5,1,0
BRDA:75,6,0,0
BRDA:75,6,1,0
BRDA:82,7,0,0
BRDA:82,7,1,0
BRDA:86,8,0,0
BRDA:86,8,1,0
BRDA:90,9,0,0
BRDA:90,9,1,0
BRDA:102,10,0,0
BRDA:102,10,1,0
BRDA:103,11,0,0
BRDA:103,11,1,0
BRDA:104,12,0,0
BRDA:104,12,1,0
BRDA:150,13,0,0
BRDA:150,13,1,0
BRDA:155,14,0,0
BRDA:155,14,1,0
BRDA:155,15,0,0
BRDA:155,15,1,0
BRDA:160,16,0,0
BRDA:160,16,1,0
BRDA:165,17,0,0
BRDA:165,17,1,0
BRDA:184,18,0,0
BRDA:189,19,0,0
BRDA:189,19,1,0
BRDA:189,20,0,0
BRDA:189,20,1,0
BRDA:191,21,0,0
BRDA:191,21,1,0
BRDA:217,22,0,0
BRDA:217,22,1,0
BRDA:218,23,0,0
BRDA:218,23,1,0
BRDA:218,24,0,0
BRDA:218,24,1,0
BRDA:223,25,0,0
BRDA:223,25,1,0
BRDA:230,26,0,0
BRDA:230,26,1,0
BRDA:230,27,0,0
BRDA:230,27,1,0
BRDA:345,28,0,0
BRDA:345,28,1,0
BRDA:348,29,0,0
BRDA:348,29,1,0
BRDA:361,30,0,0
BRDA:361,30,1,0
BRDA:368,31,0,0
BRDA:368,31,1,0
BRDA:368,32,0,0
BRDA:368,32,1,0
BRDA:431,33,0,0
BRDA:431,33,1,0
BRDA:435,34,0,0
BRDA:435,34,1,0
BRDA:439,35,0,0
BRDA:439,35,1,0
BRDA:443,36,0,0
BRDA:443,36,1,0
BRDA:475,37,0,0
BRDA:475,37,1,0
BRDA:479,38,0,0
BRDA:479,38,1,0
BRF:78
BRH:0
end_of_record
TN:
SF:controllers/teacherController.js
FN:2,(anonymous_0)
FN:6,(anonymous_1)
FN:10,(anonymous_2)
FN:14,(anonymous_3)
FN:18,(anonymous_4)
FNF:5
FNH:0
FNDA:0,(anonymous_0)
FNDA:0,(anonymous_1)
FNDA:0,(anonymous_2)
FNDA:0,(anonymous_3)
FNDA:0,(anonymous_4)
DA:2,1
DA:3,0
DA:6,1
DA:7,0
DA:10,1
DA:11,0
DA:14,1
DA:15,0
DA:18,1
DA:19,0
LF:10
LH:5
BRF:0
BRH:0
end_of_record
TN:
SF:controllers/timetableController.js
FN:12,(anonymous_0)
FN:34,(anonymous_1)
FN:64,(anonymous_2)
FNF:3
FNH:3
FNDA:3,(anonymous_0)
FNDA:1,(anonymous_1)
FNDA:2,(anonymous_2)
DA:12,7
DA:13,3
DA:16,3
DA:17,1
DA:20,2
DA:23,2
DA:24,2
DA:26,2
DA:34,7
DA:35,1
DA:36,1
DA:37,1
DA:40,1
DA:41,1
DA:42,1
DA:43,0
DA:47,1
DA:54,1
DA:56,1
DA:64,7
DA:65,2
DA:67,2
DA:68,1
DA:71,1
DA:72,0
DA:75,1
DA:76,1
LF:27
LH:25
BRDA:16,0,0,1
BRDA:16,0,1,2
BRDA:35,1,0,1
BRDA:37,2,0,1
BRDA:37,2,1,0
BRDA:40,3,0,1
BRDA:40,3,1,0
BRDA:42,4,0,0
BRDA:42,4,1,1
BRDA:67,5,0,1
BRDA:67,5,1,1
BRDA:71,6,0,0
BRDA:71,6,1,1
BRF:13
BRH:9
end_of_record
TN:
SF:controllers/userController.js
FN:14,toRoleCode
FN:38,toRoleLabel
FN:60,(anonymous_2)
FN:120,(anonymous_3)
FN:174,(anonymous_4)
FN:196,(anonymous_5)
FN:246,(anonymous_6)
FN:254,(anonymous_7)
FN:292,(anonymous_8)
FN:320,(anonymous_9)
FN:333,(anonymous_10)
FN:345,(anonymous_11)
FN:380,(anonymous_12)
FN:492,(anonymous_13)
FN:505,(anonymous_14)
FN:527,(anonymous_15)
FN:541,(anonymous_16)
FN:557,(anonymous_17)
FN:558,(anonymous_18)
FN:570,(anonymous_19)
FN:586,(anonymous_20)
FN:601,(anonymous_21)
FN:602,(anonymous_22)
FN:610,(anonymous_23)
FN:654,(anonymous_24)
FN:699,(anonymous_25)
FN:711,(anonymous_26)
FN:736,(anonymous_27)
FN:744,(anonymous_28)
FN:750,cryptoRandomString
FNF:30
FNH:6
FNDA:1,toRoleCode
FNDA:1,toRoleLabel
FNDA:1,(anonymous_2)
FNDA:1,(anonymous_3)
FNDA:0,(anonymous_4)
FNDA:0,(anonymous_5)
FNDA:1,(anonymous_6)
FNDA:0,(anonymous_7)
FNDA:1,(anonymous_8)
FNDA:0,(anonymous_9)
FNDA:0,(anonymous_10)
FNDA:0,(anonymous_11)
FNDA:0,(anonymous_12)
FNDA:0,(anonymous_13)
FNDA:0,(anonymous_14)
FNDA:0,(anonymous_15)
FNDA:0,(anonymous_16)
FNDA:0,(anonymous_17)
FNDA:0,(anonymous_18)
FNDA:0,(anonymous_19)
FNDA:0,(anonymous_20)
FNDA:0,(anonymous_21)
FNDA:0,(anonymous_22)
FNDA:0,(anonymous_23)
FNDA:0,(anonymous_24)
FNDA:0,(anonymous_25)
FNDA:0,(anonymous_26)
FNDA:0,(anonymous_27)
FNDA:0,(anonymous_28)
FNDA:0,cryptoRandomString
DA:15,1
DA:16,1
DA:17,1
DA:19,1
DA:21,0
DA:23,0
DA:26,0
DA:29,0
DA:32,0
DA:34,0
DA:39,1
DA:41,1
DA:43,0
DA:45,0
DA:47,0
DA:49,0
DA:51,0
DA:53,0
DA:60,8
DA:61,1
DA:63,1
DA:64,0
DA:67,1
DA:68,1
DA:69,0
DA:73,1
DA:74,1
DA:77,1
DA:79,1
DA:87,1
DA:88,1
DA:89,1
DA:91,1
DA:92,1
DA:93,1
DA:94,1
DA:96,1
DA:104,1
DA:113,0
DA:120,8
DA:121,1
DA:123,1
DA:124,0
DA:127,1
DA:129,1
DA:130,0
DA:133,1
DA:134,0
DA:138,1
DA:139,0
DA:140,0
DA:141,0
DA:144,1
DA:145,1
DA:147,1
DA:148,1
DA:149,1
DA:150,1
DA:152,1
DA:160,1
DA:174,8
DA:175,0
DA:176,0
DA:177,0
DA:178,0
DA:179,0
DA:181,0
DA:184,0
DA:190,0
DA:196,8
DA:197,0
DA:198,0
DA:199,0
DA:202,0
DA:203,0
DA:207,0
DA:209,0
DA:210,0
DA:213,0
DA:214,0
DA:215,0
DA:216,0
DA:219,0
DA:220,0
DA:222,0
DA:223,0
DA:224,0
DA:225,0
DA:226,0
DA:228,0
DA:236,0
DA:237,0
DA:239,0
DA:246,8
DA:247,1
DA:248,1
DA:254,8
DA:255,0
DA:257,0
DA:258,0
DA:261,0
DA:262,0
DA:263,0
DA:264,0
DA:266,0
DA:269,0
DA:270,0
DA:273,0
DA:275,0
DA:283,0
DA:292,8
DA:293,1
DA:294,1
DA:295,0
DA:297,1
DA:298,1
DA:299,0
DA:302,1
DA:303,1
DA:305,1
DA:307,1
DA:308,1
DA:320,8
DA:321,0
DA:322,0
DA:323,0
DA:326,0
DA:327,0
DA:333,8
DA:334,0
DA:335,0
DA:336,0
DA:338,0
DA:345,8
DA:346,0
DA:347,0
DA:349,0
DA:350,0
DA:351,0
DA:354,0
DA:356,0
DA:358,0
DA:359,0
DA:362,0
DA:363,0
DA:368,0
DA:369,0
DA:371,0
DA:373,0
DA:374,0
DA:380,8
DA:381,0
DA:382,0
DA:384,0
DA:385,0
DA:386,0
DA:390,0
DA:391,0
DA:395,0
DA:399,0
DA:403,0
DA:404,0
DA:409,0
DA:414,0
DA:415,0
DA:416,0
DA:417,0
DA:422,0
DA:423,0
DA:424,0
DA:425,0
DA:430,0
DA:431,0
DA:433,0
DA:434,0
DA:435,0
DA:437,0
DA:438,0
DA:439,0
DA:440,0
DA:442,0
DA:446,0
DA:447,0
DA:450,0
DA:451,0
DA:452,0
DA:457,0
DA:458,0
DA:461,0
DA:466,0
DA:467,0
DA:470,0
DA:477,0
DA:486,0
DA:492,8
DA:493,0
DA:494,0
DA:495,0
DA:496,0
DA:498,0
DA:505,8
DA:506,0
DA:507,0
DA:508,0
DA:509,0
DA:512,0
DA:513,0
DA:514,0
DA:516,0
DA:518,0
DA:519,0
DA:521,0
DA:527,8
DA:528,0
DA:529,0
DA:530,0
DA:531,0
DA:532,0
DA:533,0
DA:534,0
DA:535,0
DA:541,8
DA:542,0
DA:543,0
DA:544,0
DA:547,0
DA:548,0
DA:549,0
DA:551,0
DA:553,0
DA:554,0
DA:557,0
DA:558,0
DA:559,0
DA:564,0
DA:570,8
DA:571,0
DA:572,0
DA:573,0
DA:574,0
DA:575,0
DA:576,0
DA:577,0
DA:578,0
DA:579,0
DA:580,0
DA:586,8
DA:587,0
DA:588,0
DA:589,0
DA:590,0
DA:591,0
DA:592,0
DA:593,0
DA:595,0
DA:597,0
DA:598,0
DA:600,0
DA:601,0
DA:602,0
DA:603,0
DA:604,0
DA:610,8
DA:611,0
DA:612,0
DA:613,0
DA:614,0
DA:615,0
DA:616,0
DA:617,0
DA:618,0
DA:620,0
DA:621,0
DA:622,0
DA:623,0
DA:625,0
DA:626,0
DA:627,0
DA:631,0
DA:633,0
DA:634,0
DA:635,0
DA:636,0
DA:637,0
DA:638,0
DA:640,0
DA:648,0
DA:654,8
DA:655,0
DA:656,0
DA:657,0
DA:658,0
DA:659,0
DA:660,0
DA:661,0
DA:662,0
DA:663,0
DA:664,0
DA:665,0
DA:667,0
DA:668,0
DA:669,0
DA:674,0
DA:675,0
DA:676,0
DA:677,0
DA:678,0
DA:679,0
DA:680,0
DA:682,0
DA:690,0
DA:692,0
DA:699,8
DA:700,0
DA:701,0
DA:702,0
DA:704,0
DA:711,8
DA:712,0
DA:713,0
DA:714,0
DA:716,0
DA:717,0
DA:719,0
DA:720,0
DA:722,0
DA:723,0
DA:725,0
DA:727,0
DA:730,0
DA:736,8
DA:738,0
DA:744,8
DA:746,0
DA:751,0
DA:752,0
DA:753,0
DA:754,0
DA:756,0
LF:339
LH:71
BRDA:15,0,0,0
BRDA:15,0,1,1
BRDA:17,1,0,1
BRDA:17,1,1,0
BRDA:17,1,2,0
BRDA:17,1,3,0
BRDA:17,1,4,0
BRDA:17,1,5,0
BRDA:17,1,6,0
BRDA:17,1,7,0
BRDA:17,1,8,0
BRDA:17,1,9,0
BRDA:39,2,0,1
BRDA:39,2,1,0
BRDA:39,2,2,0
BRDA:39,2,3,0
BRDA:39,2,4,0
BRDA:39,2,5,0
BRDA:39,2,6,0
BRDA:63,3,0,0
BRDA:63,3,1,1
BRDA:63,4,0,1
BRDA:63,4,1,1
BRDA:63,4,2,1
BRDA:68,5,0,0
BRDA:68,5,1,1
BRDA:74,6,0,1
BRDA:74,6,1,0
BRDA:77,7,0,1
BRDA:77,7,1,0
BRDA:87,8,0,1
BRDA:87,8,1,0
BRDA:92,9,0,1
BRDA:92,9,1,1
BRDA:123,10,0,0
BRDA:123,10,1,1
BRDA:123,11,0,1
BRDA:123,11,1,1
BRDA:129,12,0,0
BRDA:129,12,1,1
BRDA:129,13,0,1
BRDA:129,13,1,1
BRDA:133,14,0,0
BRDA:133,14,1,1
BRDA:138,15,0,0
BRDA:138,15,1,1
BRDA:148,16,0,1
BRDA:148,16,1,1
BRDA:176,17,0,0
BRDA:176,17,1,0
BRDA:198,18,0,0
BRDA:198,18,1,0
BRDA:205,19,0,0
BRDA:205,19,1,0
BRDA:209,20,0,0
BRDA:209,20,1,0
BRDA:209,21,0,0
BRDA:209,21,1,0
BRDA:209,21,2,0
BRDA:215,22,0,0
BRDA:215,22,1,0
BRDA:215,23,0,0
BRDA:215,23,1,0
BRDA:215,23,2,0
BRDA:224,24,0,0
BRDA:224,24,1,0
BRDA:248,25,0,1
BRDA:248,25,1,1
BRDA:257,26,0,0
BRDA:257,26,1,0
BRDA:258,27,0,0
BRDA:258,27,1,0
BRDA:261,28,0,0
BRDA:261,28,1,0
[...]
BRDA:126,17,1,0
BRDA:131,18,0,0
BRDA:131,18,1,0
BRF:36
BRH:14
end_of_record
TN:
SF:services/predictiveAnalytics.js
FN:46,(anonymous_0)
FN:58,(anonymous_1)
FN:63,(anonymous_2)
FN:64,(anonymous_3)
FN:66,(anonymous_4)
FN:67,(anonymous_5)
FN:68,(anonymous_6)
FN:69,(anonymous_7)
FN:80,(anonymous_8)
FN:83,(anonymous_9)
FN:84,(anonymous_10)
FN:94,(anonymous_11)
FN:98,(anonymous_12)
FN:99,(anonymous_13)
FN:111,(anonymous_14)
FN:113,(anonymous_15)
FN:125,(anonymous_16)
FN:146,(anonymous_17)
FN:155,(anonymous_18)
FN:164,(anonymous_19)
FN:173,(anonymous_20)
FN:176,(anonymous_21)
FN:185,(anonymous_22)
FN:187,(anonymous_23)
FN:188,(anonymous_24)
FN:199,(anonymous_25)
FN:240,(anonymous_26)
FN:273,(anonymous_27)
FN:283,(anonymous_28)
FN:298,(anonymous_29)
FN:356,(anonymous_30)
FN:382,(anonymous_31)
FN:390,(anonymous_32)
FN:410,(anonymous_33)
FN:429,(anonymous_34)
FN:452,(anonymous_35)
FN:461,(anonymous_36)
FNF:37
FNH:0
FNDA:0,(anonymous_0)
FNDA:0,(anonymous_1)
FNDA:0,(anonymous_2)
FNDA:0,(anonymous_3)
FNDA:0,(anonymous_4)
FNDA:0,(anonymous_5)
FNDA:0,(anonymous_6)
FNDA:0,(anonymous_7)
FNDA:0,(anonymous_8)
FNDA:0,(anonymous_9)
FNDA:0,(anonymous_10)
FNDA:0,(anonymous_11)
FNDA:0,(anonymous_12)
FNDA:0,(anonymous_13)
FNDA:0,(anonymous_14)
FNDA:0,(anonymous_15)
FNDA:0,(anonymous_16)
FNDA:0,(anonymous_17)
FNDA:0,(anonymous_18)
FNDA:0,(anonymous_19)
FNDA:0,(anonymous_20)
FNDA:0,(anonymous_21)
FNDA:0,(anonymous_22)
FNDA:0,(anonymous_23)
FNDA:0,(anonymous_24)
FNDA:0,(anonymous_25)
FNDA:0,(anonymous_26)
FNDA:0,(anonymous_27)
FNDA:0,(anonymous_28)
FNDA:0,(anonymous_29)
FNDA:0,(anonymous_30)
FNDA:0,(anonymous_31)
FNDA:0,(anonymous_32)
FNDA:0,(anonymous_33)
FNDA:0,(anonymous_34)
FNDA:0,(anonymous_35)
FNDA:0,(anonymous_36)
DA:24,0
DA:47,0
DA:59,0
DA:62,0
DA:63,0
DA:64,0
DA:66,0
DA:67,0
DA:68,0
DA:69,0
DA:71,0
DA:74,0
DA:81,0
DA:83,0
DA:84,0
DA:85,0
DA:88,0
DA:95,0
DA:96,0
DA:98,0
DA:99,0
DA:100,0
DA:101,0
DA:102,0
DA:104,0
DA:108,0
DA:109,0
DA:111,0
DA:112,0
DA:113,0
DA:114,0
DA:115,0
DA:119,0
DA:126,0
DA:128,0
DA:129,0
DA:131,0
DA:132,0
DA:133,0
DA:135,0
DA:136,0
DA:140,0
DA:149,0
DA:156,0
DA:162,0
DA:164,0
DA:167,0
DA:174,0
DA:176,0
DA:177,0
DA:178,0
DA:179,0
DA:181,0
DA:184,0
DA:185,0
DA:186,0
DA:187,0
DA:188,0
DA:189,0
DA:193,0
DA:200,0
DA:202,0
DA:216,0
DA:217,0
DA:226,0
DA:237,0
DA:238,0
DA:240,0
DA:241,0
DA:242,0
DA:243,0
DA:246,0
DA:249,0
DA:250,0
DA:253,0
DA:255,0
DA:265,0
DA:266,0
DA:274,0
DA:275,0
DA:276,0
DA:277,0
DA:284,0
DA:286,0
DA:287,0
DA:289,0
DA:290,0
DA:292,0
DA:299,0
DA:301,0
DA:302,0
DA:309,0
DA:310,0
DA:317,0
DA:318,0
DA:325,0
DA:326,0
DA:333,0
DA:334,0
DA:341,0
DA:342,0
DA:349,0
DA:356,0
DA:357,0
DA:360,0
DA:366,0
DA:368,0
DA:369,0
DA:370,0
DA:371,0
DA:377,0
DA:382,0
DA:384,0
DA:390,0
DA:391,0
DA:392,0
DA:394,0
DA:397,0
DA:398,0
DA:402,0
DA:404,0
DA:410,0
DA:412,0
DA:415,0
DA:421,0
DA:427,0
DA:429,0
DA:430,0
DA:446,0
DA:452,0
DA:455,0
DA:461,0
DA:462,0
DA:463,0
DA:464,0
DA:467,0
DA:468,0
DA:470,0
LF:138
LH:0
BRDA:59,0,0,0
BRDA:59,0,1,0
BRDA:81,1,0,0
BRDA:81,1,1,0
BRDA:101,2,0,0
BRDA:101,2,1,0
BRDA:114,3,0,0
BRDA:114,3,1,0
BRDA:119,4,0,0
BRDA:119,4,1,0
BRDA:126,5,0,0
BRDA:126,5,1,0
BRDA:126,6,0,0
BRDA:126,6,1,0
BRDA:135,7,0,0
BRDA:135,7,1,0
BRDA:162,8,0,0
BRDA:162,8,1,0
BRDA:167,9,0,0
BRDA:167,9,1,0
BRDA:178,10,0,0
BRDA:178,10,1,0
BRDA:186,11,0,0
BRDA:186,11,1,0
BRDA:216,12,0,0
BRDA:216,12,1,0
BRDA:241,13,0,0
BRDA:241,13,1,0
BRDA:274,14,0,0
BRDA:274,14,1,0
BRDA:275,15,0,0
BRDA:275,15,1,0
BRDA:276,16,0,0
BRDA:276,16,1,0
BRDA:284,17,0,0
BRDA:284,17,1,0
BRDA:301,18,0,0
BRDA:301,18,1,0
BRDA:309,19,0,0
BRDA:309,19,1,0
BRDA:317,20,0,0
BRDA:317,20,1,0
BRDA:325,21,0,0
BRDA:325,21,1,0
BRDA:333,22,0,0
BRDA:333,22,1,0
BRDA:341,23,0,0
BRDA:341,23,1,0
BRDA:397,24,0,0
BRDA:397,24,1,0
BRDA:467,25,0,0
BRDA:467,25,1,0
BRF:52
BRH:0
end_of_record
TN:
SF:services/resultService.js
FN:26,(anonymous_0)
FN:27,(anonymous_1)
FN:29,(anonymous_2)
FN:33,(anonymous_3)
FN:35,(anonymous_4)
FN:46,(anonymous_5)
FN:56,(anonymous_6)
FN:77,(anonymous_7)
FN:80,(anonymous_8)
FN:82,(anonymous_9)
FN:101,(anonymous_10)
FN:103,(anonymous_11)
FN:111,(anonymous_12)
FN:126,(anonymous_13)
FN:135,(anonymous_14)
FN:148,(anonymous_15)
FN:165,(anonymous_16)
FN:168,(anonymous_17)
FN:168,(anonymous_18)
FN:188,(anonymous_19)
FN:200,(anonymous_20)
FN:206,(anonymous_21)
FN:230,(anonymous_22)
FN:262,(anonymous_23)
FN:310,(anonymous_24)
FNF:25
FNH:24
FNDA:5,(anonymous_0)
FNDA:24,(anonymous_1)
FNDA:21,(anonymous_2)
FNDA:4,(anonymous_3)
FNDA:61,(anonymous_4)
FNDA:261,(anonymous_5)
FNDA:0,(anonymous_6)
FNDA:8,(anonymous_7)
FNDA:19,(anonymous_8)
FNDA:26,(anonymous_9)
FNDA:11,(anonymous_10)
FNDA:11,(anonymous_11)
FNDA:11,(anonymous_12)
FNDA:13,(anonymous_13)
FNDA:9,(anonymous_14)
FNDA:15,(anonymous_15)
FNDA:29,(anonymous_16)
FNDA:29,(anonymous_17)
FNDA:29,(anonymous_18)
FNDA:16,(anonymous_19)
FNDA:21,(anonymous_20)
FNDA:27,(anonymous_21)
FNDA:7,(anonymous_22)
FNDA:3,(anonymous_23)
FNDA:5,(anonymous_24)
DA:14,19
DA:26,19
DA:27,24
DA:29,21
DA:33,19
DA:35,19
DA:36,61
DA:37,57
DA:40,57
DA:42,0
DA:46,261
DA:47,57
DA:56,19
DA:57,0
DA:58,0
DA:61,0
DA:63,0
DA:64,0
DA:66,0
DA:68,0
DA:77,19
DA:78,8
DA:80,19
DA:82,26
DA:83,7
DA:84,7
DA:85,7
DA:86,7
DA:87,7
DA:88,19
DA:89,19
DA:90,15
DA:91,15
DA:93,19
DA:95,7
DA:101,19
DA:102,11
DA:103,10
DA:104,11
DA:105,11
DA:106,11
DA:107,11
DA:108,11
DA:109,11
DA:111,11
DA:112,10
DA:113,10
DA:115,10
DA:116,10
DA:117,6
DA:118,4
DA:119,3
DA:120,10
DA:126,19
DA:127,13
DA:128,13
DA:129,12
DA:130,12
DA:131,12
DA:132,12
DA:133,12
DA:134,12
DA:135,11
DA:136,9
DA:137,9
DA:138,9
DA:141,12
DA:148,19
DA:149,15
DA:153,15
DA:154,2
DA:165,29
DA:168,29
DA:169,13
DA:170,13
DA:173,13
DA:174,13
DA:175,13
DA:176,29
DA:178,29
DA:179,29
DA:180,11
DA:181,11
DA:183,29
DA:184,29
DA:185,29
DA:188,16
DA:191,13
DA:192,13
DA:193,29
DA:194,29
DA:195,29
DA:200,13
DA:201,21
DA:202,14
DA:203,14
DA:204,14
DA:206,27
DA:208,13
DA:230,19
DA:245,7
DA:246,2
DA:248,5
DA:249,1
DA:257,4
DA:258,4
DA:260,4
DA:262,3
DA:264,3
DA:266,1
DA:267,1
DA:268,1
DA:269,1
DA:272,2
DA:280,3
DA:282,3
DA:285,1
DA:286,1
DA:299,4
DA:300,4
DA:310,19
DA:311,5
DA:312,1
DA:315,4
DA:316,4
DA:319,4
DA:321,4
DA:334,8
DA:337,8
DA:338,1
DA:343,1
DA:345,7
DA:346,1
DA:351,1
DA:354,6
DA:355,6
DA:356,4
DA:367,6
DA:377,4
DA:378,4
DA:381,4
DA:403,4
DA:404,4
DA:405,4
DA:406,6
DA:407,6
DA:408,6
DA:409,6
DA:410,6
DA:413,4
DA:414,4
DA:424,4
DA:425,6
DA:432,6
DA:441,4
DA:442,4
DA:443,3
DA:450,2
DA:451,2
LF:159
LH:151
BRDA:27,0,0,4
BRDA:27,0,1,1
BRDA:27,1,0,5
BRDA:27,1,1,5
BRDA:27,2,0,24
BRDA:27,2,1,23
BRDA:27,2,2,23
BRDA:35,3,0,61
BRDA:36,4,0,4
BRDA:36,4,1,57
BRDA:36,5,0,61
BRDA:36,5,1,58
BRDA:40,6,0,0
BRDA:40,6,1,57
BRDA:46,7,0,57
BRDA:46,7,1,1
BRDA:46,8,0,261
BRDA:46,8,1,57
BRDA:57,9,0,0
BRDA:57,9,1,0
BRDA:77,10,0,1
BRDA:78,11,0,1
BRDA:78,11,1,7
BRDA:80,12,0,18
BRDA:80,12,1,1
BRDA:89,13,0,15
BRDA:89,13,1,4
BRDA:102,14,0,1
BRDA:102,14,1,10
BRDA:102,15,0,11
BRDA:102,15,1,11
BRDA:104,16,0,11
BRDA:104,16,1,2
BRDA:105,17,0,11
BRDA:105,17,1,2
BRDA:106,18,0,11
BRDA:106,18,1,1
BRDA:112,19,0,9
BRDA:112,19,1,1
BRDA:116,20,0,4
BRDA:116,20,1,6
BRDA:117,21,0,2
BRDA:117,21,1,4
BRDA:118,22,0,1
BRDA:118,22,1,3
BRDA:128,23,0,1
BRDA:128,23,1,12
BRDA:129,24,0,3
BRDA:129,24,1,9
BRDA:130,25,0,3
BRDA:130,25,1,9
BRDA:130,26,0,12
BRDA:130,26,1,4
BRDA:131,27,0,2
BRDA:131,27,1,10
BRDA:131,28,0,12
BRDA:131,28,1,12
BRDA:132,29,0,2
BRDA:132,29,1,10
BRDA:132,30,0,12
BRDA:132,30,1,9
BRDA:133,31,0,2
BRDA:133,31,1,10
BRDA:133,32,0,12
BRDA:133,32,1,8
BRDA:134,33,0,11
BRDA:134,33,1,1
BRDA:136,34,0,2
BRDA:136,34,1,7
BRDA:136,35,0,9
BRDA:136,35,1,7
BRDA:137,36,0,1
BRDA:137,36,1,8
BRDA:137,37,0,9
BRDA:137,37,1,7
BRDA:138,38,0,2
BRDA:138,38,1,7
BRDA:138,39,0,9
BRDA:138,39,1,9
BRDA:153,40,0,2
BRDA:153,40,1,13
BRDA:153,41,0,15
BRDA:153,41,1,14
BRDA:165,42,0,29
BRDA:165,42,1,2
BRDA:168,43,0,29
BRDA:168,43,1,4
BRDA:168,44,0,29
BRDA:168,44,1,10
BRDA:168,44,2,8
BRDA:176,45,0,29
BRDA:176,45,1,4
BRDA:179,46,0,11
BRDA:179,46,1,18
BRDA:180,47,0,5
BRDA:180,47,1,6
BRDA:180,48,0,11
BRDA:180,48,1,5
BRDA:181,49,0,2
BRDA:181,49,1,9
BRDA:181,50,0,11
BRDA:181,50,1,5
BRDA:181,50,2,3
BRDA:183,51,0,29
BRDA:183,51,1,10
BRDA:183,51,2,8
BRDA:184,52,0,29
BRDA:184,52,1,21
BRDA:185,53,0,29
BRDA:185,53,1,16
BRDA:193,54,0,29
BRDA:193,54,1,4
BRDA:194,55,0,29
BRDA:194,55,1,19
BRDA:194,56,0,19
BRDA:194,56,1,5
BRDA:194,56,2,3
BRDA:195,57,0,29
BRDA:195,57,1,23
BRDA:201,58,0,7
BRDA:201,58,1,14
BRDA:201,59,0,21
BRDA:201,59,1,7
BRDA:202,60,0,0
BRDA:202,60,1,14
BRDA:203,61,0,1
BRDA:203,61,1,13
BRDA:206,62,0,27
BRDA:206,62,1,5
BRDA:239,63,0,1
BRDA:240,64,0,1
BRDA:245,65,0,2
BRDA:245,65,1,5
BRDA:245,66,0,7
BRDA:245,66,1,6
BRDA:248,67,0,1
BRDA:248,67,1,4
BRDA:248,68,0,5
BRDA:248,68,1,5
BRDA:260,69,0,3
BRDA:260,69,1,1
BRDA:264,70,0,1
BRDA:264,70,1,2
BRDA:310,71,0,5
BRDA:311,72,0,1
BRDA:311,72,1,4
BRDA:311,73,0,5
BRDA:311,73,1,5
BRDA:331,74,0,1
BRDA:332,75,0,1
BRDA:337,76,0,1
BRDA:337,76,1,7
BRDA:337,77,0,8
BRDA:337,77,1,8
BRDA:345,78,0,1
BRDA:345,78,1,6
BRDA:345,79,0,7
BRDA:345,79,1,7
BRDA:355,80,0,4
BRDA:355,80,1,2
BRDA:413,81,0,4
BRF:161
BRH:157
end_of_record
TN:
SF:services/socket.js
FNF:0
FNH:0
LF:0
LH:0
BRF:0
BRH:0
end_of_record
TN:
SF:utils/ApiResponse.js
FN:1,(anonymous_0)
FN:8,(anonymous_1)
FN:10,(anonymous_2)
FN:20,(anonymous_3)
FNF:4
FNH:4
FNDA:87,(anonymous_0)
FNDA:23,(anonymous_1)
FNDA:2,(anonymous_2)
FNDA:7,(anonymous_3)
DA:1,26
DA:2,87
DA:3,87
DA:4,87
DA:5,87
DA:8,26
DA:10,26
DA:11,2
DA:12,2
DA:13,2
DA:14,2
DA:18,26
DA:21,7
DA:22,7
DA:23,7
DA:24,7
LF:16
LH:16
BRDA:1,0,0,2
BRDA:1,1,0,2
BRDA:1,2,0,80
BRDA:1,3,0,56
BRDA:3,4,0,87
BRDA:3,4,1,0
BRDA:4,5,0,7
BRDA:4,5,1,80
BRDA:8,6,0,0
BRDA:8,7,0,1
BRDA:8,8,0,23
BRDA:10,9,0,0
BRDA:10,10,0,0
BRDA:10,11,0,1
BRDA:10,12,0,1
BRDA:12,13,0,1
BRDA:12,13,1,1
BRDA:13,14,0,1
BRDA:13,14,1,1
BRDA:20,15,0,1
BRF:20
BRH:16
end_of_record
TN:
SF:utils/AppError.js
FN:10,(anonymous_0)
FN:25,(anonymous_1)
FN:36,(anonymous_2)
FN:46,(anonymous_3)
FN:56,(anonymous_4)
FN:66,(anonymous_5)
FN:76,(anonymous_6)
FN:86,(anonymous_7)
FN:97,(anonymous_8)
FNF:9
FNH:9
FNDA:177,(anonymous_0)
FNDA:43,(anonymous_1)
FNDA:3,(anonymous_2)
FNDA:18,(anonymous_3)
FNDA:4,(anonymous_4)
FNDA:8,(anonymous_5)
FNDA:3,(anonymous_6)
FNDA:4,(anonymous_7)
FNDA:8,(anonymous_8)
DA:11,177
DA:13,177
DA:14,177
DA:15,177
DA:17,177
DA:26,43
DA:27,43
DA:28,43
DA:37,3
DA:38,3
DA:47,18
DA:48,18
DA:57,4
DA:58,4
DA:67,8
DA:68,8
DA:77,3
DA:78,3
DA:87,4
DA:88,4
DA:89,4
DA:98,8
DA:99,8
DA:100,8
LF:24
LH:24
BRDA:10,0,0,1
BRDA:14,1,0,159
BRDA:14,1,1,18
BRDA:25,2,0,2
BRDA:36,3,0,1
BRDA:46,4,0,1
BRDA:56,5,0,1
BRDA:66,6,0,1
BRDA:76,7,0,1
BRDA:86,8,0,1
BRDA:86,9,0,2
BRDA:97,10,0,1
BRF:12
BRH:12
end_of_record
TN:
SF:utils/authorizationHelpers.js
FN:10,canViewStudentAnalytics
FN:35,canViewSchoolAnalytics
FN:48,canShareTeacherAnalytics
FN:56,canShareStudentAnalytics
FN:66,validateSort
FN:79,runAggregationsSafely
FNF:6
FNH:4
FNDA:2,canViewStudentAnalytics
FNDA:0,canViewSchoolAnalytics
FNDA:0,canShareTeacherAnalytics
FNDA:2,canShareStudentAnalytics
FNDA:4,validateSort
FNDA:1,runAggregationsSafely
DA:11,2
DA:12,2
DA:13,2
DA:15,0
DA:19,0
DA:21,1
DA:24,1
DA:26,0
DA:28,0
DA:36,0
DA:37,0
DA:49,0
DA:50,0
DA:57,2
DA:58,2
DA:59,2
DA:60,2
DA:67,4
DA:68,0
DA:70,4
DA:71,0
DA:80,1
DA:81,1
DA:83,0
DA:84,0
LF:25
LH:13
BRDA:10,0,0,0
BRDA:11,1,0,0
BRDA:11,1,1,2
BRDA:13,2,0,0
BRDA:13,2,1,0
BRDA:13,2,2,0
BRDA:13,2,3,0
BRDA:13,2,4,1
BRDA:13,2,5,1
BRDA:13,2,6,1
BRDA:13,2,7,0
BRDA:13,2,8,0
BRDA:19,3,0,0
BRDA:19,3,1,0
BRDA:19,3,2,0
BRDA:21,4,0,1
BRDA:21,4,1,1
BRDA:21,4,2,1
BRDA:21,4,3,0
BRDA:24,5,0,1
BRDA:24,5,1,1
BRDA:24,5,2,1
BRDA:36,6,0,0
BRDA:36,6,1,0
BRDA:49,7,0,0
BRDA:49,7,1,0
BRDA:57,8,0,0
BRDA:57,8,1,2
BRDA:58,9,0,2
BRDA:58,9,1,1
BRDA:58,9,2,1
BRDA:60,10,0,2
BRDA:60,10,1,2
BRDA:67,11,0,0
BRDA:67,11,1,4
BRDA:67,12,0,4
BRDA:67,12,1,4
BRDA:70,13,0,0
BRDA:70,13,1,4
BRDA:70,14,0,4
BRDA:70,14,1,4
BRDA:79,15,0,0
BRF:42
BRH:22
end_of_record
TN:
SF:utils/csvResultUtils.js
FN:6,(anonymous_0)
FN:7,(anonymous_1)
FN:11,(anonymous_2)
FN:12,(anonymous_3)
FN:18,(anonymous_4)
FNF:5
FNH:5
FNDA:2,(anonymous_0)
FNDA:2,(anonymous_1)
FNDA:2,(anonymous_2)
FNDA:1,(anonymous_3)
FNDA:2,(anonymous_4)
DA:6,9
DA:7,2
DA:8,2
DA:9,2
DA:11,2
DA:12,1
DA:18,9
DA:19,2
DA:20,2
LF:9
LH:9
BRF:0
BRH:0
end_of_record
TN:
SF:utils/csvUtils.js
FN:6,(anonymous_0)
FN:7,(anonymous_1)
FN:11,(anonymous_2)
FN:12,(anonymous_3)
FN:18,(anonymous_4)
FNF:5
FNH:2
FNDA:1,(anonymous_0)
FNDA:1,(anonymous_1)
FNDA:0,(anonymous_2)
FNDA:0,(anonymous_3)
FNDA:0,(anonymous_4)
DA:6,8
DA:7,1
DA:8,1
DA:9,1
DA:11,0
DA:12,0
DA:18,8
DA:19,0
DA:20,0
LF:9
LH:5
BRF:0
BRH:0
end_of_record
TN:
SF:utils/generateToken.js
FN:10,(anonymous_0)
FN:28,(anonymous_1)
FN:49,(anonymous_2)
FN:67,(anonymous_3)
FN:82,(anonymous_4)
FN:93,(anonymous_5)
FNF:6
FNH:6
FNDA:11,(anonymous_0)
FNDA:9,(anonymous_1)
FNDA:1,(anonymous_2)
FNDA:5,(anonymous_3)
FNDA:3,(anonymous_4)
FNDA:3,(anonymous_5)
DA:10,9
DA:11,11
DA:28,9
DA:32,9
DA:33,9
DA:49,9
DA:50,1
DA:67,9
DA:68,5
DA:69,5
DA:71,3
DA:82,9
DA:83,3
DA:84,3
DA:86,3
DA:93,9
DA:94,3
LF:17
LH:17
BRDA:10,0,0,6
BRDA:10,1,0,6
BRDA:10,1,1,1
BRDA:15,2,0,11
BRDA:15,2,1,5
BRDA:28,3,0,3
BRDA:28,4,0,3
BRDA:28,4,1,1
BRDA:37,5,0,9
BRDA:37,5,1,2
BRDA:39,6,0,9
BRDA:39,6,1,1
BRDA:67,7,0,5
BRDA:82,8,0,2
BRDA:82,9,0,2
BRDA:82,9,1,1
BRDA:82,10,0,2
BRDA:82,11,0,2
BRDA:82,11,1,1
BRDA:93,12,0,2
BRDA:93,13,0,2
BRDA:93,13,1,1
BRF:22
BRH:22
end_of_record
TN:
SF:utils/httpClient.js
FN:8,(anonymous_0)
FN:14,(anonymous_1)
FN:24,(anonymous_2)
FN:25,(anonymous_3)
FN:49,(anonymous_4)
FN:69,(anonymous_5)
FN:90,(anonymous_6)
FN:111,(anonymous_7)
FN:132,(anonymous_8)
FNF:9
FNH:6
FNDA:29,(anonymous_0)
FNDA:29,(anonymous_1)
FNDA:0,(anonymous_2)
FNDA:5,(anonymous_3)
FNDA:2,(anonymous_4)
FNDA:4,(anonymous_5)
FNDA:1,(anonymous_6)
FNDA:0,(anonymous_7)
FNDA:0,(anonymous_8)
DA:9,29
DA:10,29
DA:11,29
DA:15,29
DA:23,29
DA:24,0
DA:26,5
DA:29,5
DA:30,1
DA:37,4
DA:38,1
DA:41,4
DA:42,2
DA:45,2
DA:47,2
DA:49,2
DA:50,2
DA:54,2
DA:55,2
DA:61,2
DA:70,4
DA:71,4
DA:72,0
DA:74,4
DA:75,1
DA:77,3
DA:78,3
DA:80,0
DA:91,1
DA:92,1
DA:93,0
DA:95,1
DA:96,0
DA:98,1
DA:99,0
DA:101,1
DA:112,0
DA:113,0
DA:114,0
DA:116,0
DA:117,0
DA:119,0
DA:120,0
DA:122,0
DA:133,0
DA:134,0
DA:135,0
DA:137,0
DA:138,0
DA:140,0
DA:141,0
DA:143,0
DA:152,6
DA:158,6
DA:164,6
DA:171,6
LF:56
LH:34
BRDA:8,0,0,0
BRDA:14,1,0,0
BRDA:16,2,0,29
BRDA:16,2,1,11
BRDA:17,3,0,29
BRDA:17,3,1,9
BRDA:18,4,0,29
BRDA:18,4,1,27
BRDA:29,5,0,1
BRDA:29,5,1,4
BRDA:29,6,0,5
BRDA:29,6,1,4
BRDA:29,6,2,4
BRDA:31,7,0,1
BRDA:31,7,1,0
BRDA:37,8,0,1
BRDA:37,8,1,3
BRDA:41,9,0,2
BRDA:41,9,1,2
BRDA:41,10,0,4
BRDA:41,10,1,1
BRDA:45,11,0,2
BRDA:45,11,1,0
BRDA:47,12,0,2
BRDA:47,12,1,0
BRDA:54,13,0,2
BRDA:54,13,1,0
BRDA:55,14,0,1
BRDA:55,14,1,1
BRDA:57,15,0,1
BRDA:57,15,1,0
BRDA:69,16,0,4
BRDA:71,17,0,0
BRDA:71,17,1,4
BRDA:77,18,0,3
BRDA:77,18,1,0
BRDA:81,19,0,0
BRDA:81,19,1,0
BRDA:90,20,0,0
BRDA:90,21,0,1
BRDA:92,22,0,0
BRDA:92,22,1,1
BRDA:98,23,0,0
BRDA:98,23,1,1
BRDA:102,24,0,1
BRDA:102,24,1,1
BRDA:111,25,0,0
BRDA:111,26,0,0
BRDA:113,27,0,0
BRDA:113,27,1,0
BRDA:119,28,0,0
BRDA:119,28,1,0
BRDA:123,29,0,0
BRDA:123,29,1,0
BRDA:132,30,0,0
BRDA:134,31,0,0
BRDA:134,31,1,0
BRDA:140,32,0,0
BRDA:140,32,1,0
BRDA:144,33,0,0
BRDA:144,33,1,0
BRF:61
BRH:32
end_of_record
TN:
SF:utils/logger.js
FN:53,(anonymous_0)
FN:127,(anonymous_1)
FN:137,(anonymous_2)
FN:143,(anonymous_3)
FN:161,(anonymous_4)
FN:180,(anonymous_5)
FN:195,(anonymous_6)
FN:214,(anonymous_7)
FNF:8
FNH:0
FNDA:0,(anonymous_0)
FNDA:0,(anonymous_1)
FNDA:0,(anonymous_2)
FNDA:0,(anonymous_3)
FNDA:0,(anonymous_4)
FNDA:0,(anonymous_5)
FNDA:0,(anonymous_6)
FNDA:0,(anonymous_7)
DA:6,12
DA:9,12
DA:10,12
DA:11,0
DA:12,0
DA:17,12
DA:28,12
DA:39,12
DA:42,12
DA:50,12
DA:54,0
DA:55,0
DA:56,0
DA:58,0
DA:63,12
DA:66,12
DA:67,0
DA:75,12
DA:83,12
DA:85,0
DA:96,0
DA:106,0
DA:118,12
DA:127,12
DA:128,0
DA:129,0
DA:130,0
DA:136,12
DA:138,0
DA:143,12
DA:144,0
DA:153,0
DA:154,0
DA:155,0
DA:158,0
DA:161,12
DA:162,0
DA:168,0
DA:169,0
DA:170,0
DA:171,0
DA:172,0
DA:173,0
DA:177,0
DA:180,12
DA:181,0
DA:188,0
DA:189,0
DA:191,0
DA:195,12
DA:196,0
DA:203,0
DA:204,0
DA:207,0
DA:208,0
DA:210,0
DA:214,12
DA:215,0
DA:230,12
DA:233,12
DA:234,12
DA:235,12
DA:236,12
DA:237,12
LF:64
LH:26
BRDA:10,0,0,0
BRDA:10,0,1,12
BRDA:11,1,0,0
BRDA:11,1,1,0
BRDA:55,2,0,0
BRDA:55,2,1,0
BRDA:66,3,0,0
BRDA:66,3,1,12
BRDA:69,4,0,0
BRDA:69,4,1,0
BRDA:70,5,0,0
BRDA:70,5,1,0
BRDA:83,6,0,0
BRDA:83,6,1,12
BRDA:119,7,0,12
BRDA:119,7,1,12
BRDA:129,8,0,0
BRDA:129,8,1,0
BRDA:153,9,0,0
BRDA:153,9,1,0
BRDA:161,10,0,0
BRDA:165,11,0,0
BRDA:165,11,1,0
BRDA:168,12,0,0
BRDA:168,12,1,0
BRDA:172,13,0,0
BRDA:172,13,1,0
BRDA:180,14,0,0
BRDA:188,15,0,0
BRDA:188,15,1,0
BRDA:195,16,0,0
BRDA:195,17,0,0
BRDA:203,18,0,0
BRDA:203,18,1,0
BRDA:207,19,0,0
BRDA:207,19,1,0
BRDA:214,20,0,0
BRF:37
BRH:5
end_of_record
TN:
SF:utils/notificationScheduler.js
FN:10,(anonymous_0)
FN:37,(anonymous_1)
FN:40,(anonymous_2)
FNF:3
FNH:0
FNDA:0,(anonymous_0)
FNDA:0,(anonymous_1)
FNDA:0,(anonymous_2)
DA:10,0
DA:11,0
DA:13,0
DA:18,0
DA:19,0
DA:23,0
DA:24,0
DA:27,0
DA:29,0
DA:30,0
DA:37,0
DA:38,0
DA:40,0
DA:41,0
DA:42,0
DA:43,0
DA:44,0
LF:17
LH:0
BRDA:18,0,0,0
BRDA:18,0,1,0
BRDA:38,1,0,0
BRDA:38,1,1,0
BRDA:43,2,0,0
BRDA:43,2,1,0
BRDA:44,3,0,0
BRDA:44,3,1,0
BRF:8
BRH:0
end_of_record
TN:
SF:utils/notificationService.js
FN:21,createEventNotifications
FN:26,(anonymous_1)
FNF:2
FNH:0
FNDA:0,createEventNotifications
FNDA:0,(anonymous_1)
DA:8,0
DA:22,0
DA:25,0
DA:26,0
DA:29,0
DA:32,0
DA:35,0
DA:36,0
DA:39,0
DA:40,0
DA:42,0
DA:43,0
DA:44,0
DA:45,0
DA:56,0
DA:57,0
LF:16
LH:0
BRDA:22,0,0,0
BRDA:22,0,1,0
BRDA:25,1,0,0
BRDA:25,1,1,0
BRDA:29,2,0,0
BRDA:29,2,1,0
BRDA:36,3,0,0
BRDA:36,3,1,0
BRDA:44,4,0,0
BRDA:44,4,1,0
BRDA:56,5,0,0
BRDA:56,5,1,0
BRF:12
BRH:0
end_of_record
TN:
SF:utils/notificationUtils.js
FN:3,sendNotification
FNF:1
FNH:0
FNDA:0,sendNotification
DA:5,0
LF:1
LH:0
BRF:0
BRH:0
end_of_record
TN:
SF:utils/pushService.js
FN:1,sendPushNotification
FNF:1
FNH:0
FNDA:0,sendPushNotification
DA:3,0
DA:4,0
DA:5,0
LF:3
LH:0
BRF:0
BRH:0
end_of_record
TN:
SF:utils/searchUtils.js
FN:5,searchCodebase
FN:10,searchFile
FN:17,extractSnippet
FN:25,walk
FN:30,(anonymous_4)
FNF:5
FNH:5
FNDA:10,searchCodebase
FNDA:21,searchFile
FNDA:19,extractSnippet
FNDA:12,walk
FNDA:69,(anonymous_4)
DA:6,10
DA:7,10
DA:8,10
DA:11,21
DA:12,21
DA:13,19
DA:18,19
DA:19,19
DA:20,19
DA:21,19
DA:22,19
DA:26,12
DA:27,29
DA:28,29
DA:29,2
DA:30,69
DA:31,21
DA:36,10
DA:37,10
LF:19
LH:19
BRDA:12,0,0,19
BRDA:12,0,1,2
BRDA:19,1,0,0
BRDA:19,1,1,19
BRDA:28,2,0,2
BRDA:28,2,1,27
BRDA:30,3,0,21
BRDA:30,3,1,6
BRF:8
BRH:7
end_of_record
TN:
SF:utils/validationHelpers.js
FN:9,normalizeSession
FN:16,isValidSessionFormat
FN:20,validateObjectId
FN:28,validateRequired
FN:36,validateEnum
FN:44,throwIfErrors
FN:51,validateTermNumeric
FN:59,buildValidationContext
FN:69,validateISODate
FN:84,validatePositiveNumber
FNF:10
FNH:8
FNDA:15,normalizeSession
FNDA:16,isValidSessionFormat
FNDA:64,validateObjectId
FNDA:0,validateRequired
FNDA:0,validateEnum
FNDA:68,throwIfErrors
FNDA:18,validateTermNumeric
FNDA:46,buildValidationContext
FNDA:2,validateISODate
FNDA:2,validatePositiveNumber
DA:6,12
DA:7,12
DA:10,15
DA:11,15
DA:12,2
DA:13,1
DA:17,16
DA:21,64
DA:22,22
DA:23,22
DA:25,42
DA:29,0
DA:30,0
DA:31,0
DA:33,0
DA:37,0
DA:38,0
DA:39,0
DA:41,0
DA:45,68
DA:46,38
DA:47,38
DA:52,18
DA:53,3
DA:54,3
DA:56,15
DA:60,46
DA:70,2
DA:71,2
DA:72,1
DA:73,1
DA:75,1
DA:76,1
DA:77,1
DA:78,1
DA:80,0
DA:85,2
DA:86,2
DA:87,2
DA:88,2
DA:89,2
DA:91,0
LF:42
LH:32
BRDA:10,0,0,0
BRDA:10,0,1,15
BRDA:11,1,0,13
BRDA:11,1,1,2
BRDA:12,2,0,1
BRDA:12,2,1,1
BRDA:17,3,0,16
BRDA:17,3,1,3
BRDA:21,4,0,22
BRDA:21,4,1,42
BRDA:29,5,0,0
BRDA:29,5,1,0
BRDA:29,6,0,0
BRDA:29,6,1,0
BRDA:29,6,2,0
BRDA:30,7,0,0
BRDA:30,7,1,0
BRDA:37,8,0,0
BRDA:37,8,1,0
BRDA:37,9,0,0
BRDA:37,9,1,0
BRDA:44,10,0,0
BRDA:45,11,0,38
BRDA:45,11,1,30
BRDA:52,12,0,3
BRDA:52,12,1,15
BRDA:52,13,0,18
BRDA:52,13,1,10
BRDA:70,14,0,0
BRDA:70,14,1,2
BRDA:71,15,0,1
BRDA:71,15,1,1
BRDA:76,16,0,1
BRDA:76,16,1,0
BRDA:85,17,0,0
BRDA:85,17,1,2
BRDA:87,18,0,2
BRDA:87,18,1,0
BRDA:87,19,0,2
BRDA:87,19,1,2
BRF:40
BRH:23
end_of_record
